<?xml version="1.0" encoding="utf-8"?><testsuites name="pytest tests"><testsuite name="pytest" errors="0" failures="0" skipped="0" tests="11" time="3.084" timestamp="2026-03-18T10:14:50.774897+00:00" hostname="agent-env-fb32ef76-d06b-4cc8-9cf3-e22f09877a4c"><testcase classname="backend.tests.test_alimentation_v2_species.TestSpeciesNoSalines" name="test_ours_noir_no_salines" time="1.336" /><testcase classname="backend.tests.test_alimentation_v2_species.TestSpeciesNoSalines" name="test_dindon_sauvage_no_salines" time="0.144" /><testcase classname="backend.tests.test_alimentation_v2_species.TestSpeciesNoSalines" name="test_ours_backend_id_no_salines" time="0.136" /><testcase classname="backend.tests.test_alimentation_v2_species.TestSpeciesNoSalines" name="test_dindon_backend_id_no_salines" time="0.123" /><testcase classname="backend.tests.test_alimentation_v2_species.TestSpeciesWithSalines" name="test_chevreuil_generates_salines" time="0.126" /><testcase classname="backend.tests.test_alimentation_v2_species.TestSpeciesWithSalines" name="test_orignal_generates_salines" time="0.135" /><testcase classname="backend.tests.test_alimentation_v2_species.TestSpeciesWithSalines" name="test_wapiti_generates_salines" time="0.138" /><testcase classname="backend.tests.test_alimentation_v2_species.TestSpeciesWithSalines" name="test_tous_defaults_to_cerf_with_salines" time="0.128" /><testcase classname="backend.tests.test_alimentation_v2_species.TestSpeciesMapping" name="test_frontend_species_mapping" time="0.439" /><testcase classname="backend.tests.test_alimentation_v2_species.TestNutritionDataPresent" name="test_ours_has_nutrition_data" time="0.159" /><testcase classname="backend.tests.test_alimentation_v2_species.TestNutritionDataPresent" name="test_dindon_has_nutrition_data" time="0.123" /></testsuite></testsuites>