<?xml version="1.0" encoding="utf-8"?><testsuites name="pytest tests"><testsuite name="pytest" errors="0" failures="0" skipped="0" tests="16" time="2.671" timestamp="2026-03-18T10:33:10.805217+00:00" hostname="agent-env-fb32ef76-d06b-4cc8-9cf3-e22f09877a4c"><testcase classname="backend.tests.test_alimentation_v2_spatial_diversification.TestAlimentationV2SpatialDiversification" name="test_max_salines_4_returns_4_selected" time="0.484" /><testcase classname="backend.tests.test_alimentation_v2_spatial_diversification.TestAlimentationV2SpatialDiversification" name="test_max_salines_1_returns_1_selected" time="0.156" /><testcase classname="backend.tests.test_alimentation_v2_spatial_diversification.TestAlimentationV2SpatialDiversification" name="test_max_salines_2_returns_2_selected" time="0.129" /><testcase classname="backend.tests.test_alimentation_v2_spatial_diversification.TestAlimentationV2SpatialDiversification" name="test_max_salines_3_returns_3_selected" time="0.155" /><testcase classname="backend.tests.test_alimentation_v2_spatial_diversification.TestSpatialDistanceConstraint" name="test_selected_salines_are_at_least_300m_apart" time="0.124" /><testcase classname="backend.tests.test_alimentation_v2_spatial_diversification.TestSpatialDistanceConstraint" name="test_spatial_diversification_with_2_salines" time="0.137" /><testcase classname="backend.tests.test_alimentation_v2_spatial_diversification.TestGridBasedCandidateGeneration" name="test_approximately_16_candidates_generated" time="0.132" /><testcase classname="backend.tests.test_alimentation_v2_spatial_diversification.TestGridBasedCandidateGeneration" name="test_all_candidates_have_required_fields" time="0.134" /><testcase classname="backend.tests.test_alimentation_v2_spatial_diversification.TestGridBasedCandidateGeneration" name="test_candidates_have_rank_for_selected" time="0.147" /><testcase classname="backend.tests.test_alimentation_v2_spatial_diversification.TestSpeciesWithoutSalines" name="test_ours_noir_returns_salines_disabled" time="0.122" /><testcase classname="backend.tests.test_alimentation_v2_spatial_diversification.TestSpeciesWithoutSalines" name="test_dindon_sauvage_returns_salines_disabled" time="0.211" /><testcase classname="backend.tests.test_alimentation_v2_spatial_diversification.TestResponseFormat" name="test_n_candidates_field_present" time="0.127" /><testcase classname="backend.tests.test_alimentation_v2_spatial_diversification.TestResponseFormat" name="test_summary_format_x_of_y_candidates" time="0.148" /><testcase classname="backend.tests.test_alimentation_v2_spatial_diversification.TestDifferentSpeciesWithSalines" name="test_chevreuil_max_salines_4" time="0.117" /><testcase classname="backend.tests.test_alimentation_v2_spatial_diversification.TestDifferentSpeciesWithSalines" name="test_orignal_max_salines_2" time="0.124" /><testcase classname="backend.tests.test_alimentation_v2_spatial_diversification.TestDifferentSpeciesWithSalines" name="test_wapiti_max_salines_1" time="0.127" /></testsuite></testsuites>