<?xml version="1.0" encoding="utf-8"?><testsuites name="pytest tests"><testsuite name="pytest" errors="0" failures="0" skipped="0" tests="19" time="3.500" timestamp="2026-03-18T03:09:15.439182+00:00" hostname="agent-env-1d4409aa-334d-451a-af52-75cd450c01dd"><testcase classname="tests.test_alimentation_v2.TestAlimentationV2SpeciesEndpoint" name="test_species_list_returns_200" time="0.229" /><testcase classname="tests.test_alimentation_v2.TestAlimentationV2SpeciesEndpoint" name="test_species_list_returns_valid_data" time="0.860" /><testcase classname="tests.test_alimentation_v2.TestAlimentationV2AnalyzeEndpoint" name="test_analyze_returns_200" time="0.139" /><testcase classname="tests.test_alimentation_v2.TestAlimentationV2AnalyzeEndpoint" name="test_analyze_returns_version_alimentation_v2" time="0.106" /><testcase classname="tests.test_alimentation_v2.TestAlimentationV2AnalyzeEndpoint" name="test_analyze_returns_species_info" time="0.122" /><testcase classname="tests.test_alimentation_v2.TestAlimentationV2AnalyzeEndpoint" name="test_analyze_returns_score_global" time="0.114" /><testcase classname="tests.test_alimentation_v2.TestAlimentationV2AnalyzeEndpoint" name="test_analyze_returns_terrain_data" time="0.157" /><testcase classname="tests.test_alimentation_v2.TestAlimentationV2AnalyzeEndpoint" name="test_analyze_returns_salines" time="0.180" /><testcase classname="tests.test_alimentation_v2.TestAlimentationV2AnalyzeEndpoint" name="test_analyze_returns_nutrition" time="0.153" /><testcase classname="tests.test_alimentation_v2.TestAlimentationV2AnalyzeEndpoint" name="test_analyze_returns_carences_detectees" time="0.108" /><testcase classname="tests.test_alimentation_v2.TestAlimentationV2AnalyzeEndpoint" name="test_analyze_returns_bce4x_conformite" time="0.132" /><testcase classname="tests.test_alimentation_v2.TestAlimentationV2DifferentSpecies" name="test_species_returns_correct_name[CERF-Chevreuil (Cerf de Virginie)]" time="0.143" /><testcase classname="tests.test_alimentation_v2.TestAlimentationV2DifferentSpecies" name="test_species_returns_correct_name[ORIGNAL-Orignal]" time="0.121" /><testcase classname="tests.test_alimentation_v2.TestAlimentationV2DifferentSpecies" name="test_species_returns_correct_name[OURS-Ours noir]" time="0.105" /><testcase classname="tests.test_alimentation_v2.TestAlimentationV2DifferentSpecies" name="test_species_returns_correct_name[WAPITI-Wapiti]" time="0.159" /><testcase classname="tests.test_alimentation_v2.TestAlimentationV2DifferentSpecies" name="test_species_returns_correct_name[DINDON-Dindon sauvage]" time="0.123" /><testcase classname="tests.test_alimentation_v2.TestAlimentationV2EdgeCases" name="test_invalid_species_defaults_to_cerf" time="0.171" /><testcase classname="tests.test_alimentation_v2.TestAlimentationV2EdgeCases" name="test_month_boundary_1" time="0.119" /><testcase classname="tests.test_alimentation_v2.TestAlimentationV2EdgeCases" name="test_month_boundary_12" time="0.168" /></testsuite></testsuites>