<?xml version="1.0" encoding="utf-8"?><testsuites name="pytest tests"><testsuite name="pytest" errors="0" failures="0" skipped="0" tests="12" time="14.181" timestamp="2026-03-12T23:16:07.797644+00:00" hostname="agent-env-0095abf8-2298-42ab-88a1-52413db353c4"><testcase classname="tests.test_bce_4x_color_contract.TestBCE4XColorContract" name="test_color_contract_endpoint_exists" time="1.266" /><testcase classname="tests.test_bce_4x_color_contract.TestBCE4XColorContract" name="test_all_6_checks_pass" time="0.111" /><testcase classname="tests.test_bce_4x_color_contract.TestBCE4XColorContract" name="test_color_001_zone_normative_palette" time="0.156" /><testcase classname="tests.test_bce_4x_color_contract.TestBCE4XColorContract" name="test_color_002_panel_legend_consistency" time="0.115" /><testcase classname="tests.test_bce_4x_color_contract.TestBCE4XColorContract" name="test_color_003_corridor_palette_isolation" time="0.148" /><testcase classname="tests.test_bce_4x_color_contract.TestBCE4XColorContract" name="test_ui_004_zone_corridor_pane_isolation" time="0.139" /><testcase classname="tests.test_bce_4x_color_contract.TestBCE4XColorContract" name="test_ui_005_no_legacy_movement_corridors" time="0.124" /><testcase classname="tests.test_bce_4x_color_contract.TestBCE4XColorContract" name="test_ui_006_no_tooltip_suppression" time="0.202" /><testcase classname="tests.test_bce_4x_color_contract.TestOrganicZonesAPI" name="test_organic_zones_returns_zones" time="11.166" /><testcase classname="tests.test_bce_4x_color_contract.TestOrganicZonesAPI" name="test_zones_have_normative_stroke_colors" time="0.323" /><testcase classname="tests.test_bce_4x_color_contract.TestOrganicZonesAPI" name="test_corridors_have_5_bands" time="0.243" /><testcase classname="tests.test_bce_4x_color_contract.TestHealthAndBasics" name="test_health_endpoint" time="0.119" /></testsuite></testsuites>