<?xml version="1.0" encoding="utf-8"?><testsuites name="pytest tests"><testsuite name="pytest" errors="0" failures="0" skipped="0" tests="16" time="2.995" timestamp="2026-03-17T01:12:40.510119+00:00" hostname="agent-env-0c83b775-4a53-4b5c-bdc8-736239d9e8be"><testcase classname="tests.test_bce_4x_water_exclusion.TestBCE4XConfiguration" name="test_layer_water_thresholds_config" time="0.002" /><testcase classname="tests.test_bce_4x_water_exclusion.TestBCE4XConfiguration" name="test_trajets_water_threshold" time="0.000" /><testcase classname="tests.test_bce_4x_water_exclusion.TestBCE4XConfiguration" name="test_global_water_threshold_reduced" time="0.000" /><testcase classname="tests.test_bce_4x_water_exclusion.TestBCE4XConfiguration" name="test_layer_water_thresholds_import_in_exclusion_engine" time="0.104" /><testcase classname="tests.test_bce_4x_water_exclusion.TestScoreConsolideWaterExclusion" name="test_score_consolide_endpoint_exists" time="0.384" /><testcase classname="tests.test_bce_4x_water_exclusion.TestScoreConsolideWaterExclusion" name="test_score_consolide_response_structure" time="0.176" /><testcase classname="tests.test_bce_4x_water_exclusion.TestScoreConsolideWaterExclusion" name="test_score_consolide_land_point_normal_score" time="0.161" /><testcase classname="tests.test_bce_4x_water_exclusion.TestScoreConsolideWaterExclusion" name="test_score_consolide_water_surface_detection_structure" time="0.178" /><testcase classname="tests.test_bce_4x_water_exclusion.TestScoreConsolideWaterExclusion" name="test_water_exclusion_response_format" time="0.002" /><testcase classname="tests.test_bce_4x_water_exclusion.TestAlimentationV1Regression" name="test_alimentation_profiles_endpoint" time="0.255" /><testcase classname="tests.test_bce_4x_water_exclusion.TestAlimentationV1Regression" name="test_alimentation_point_endpoint" time="0.182" /><testcase classname="tests.test_bce_4x_water_exclusion.TestReposV1Regression" name="test_repos_profiles_endpoint" time="0.113" /><testcase classname="tests.test_bce_4x_water_exclusion.TestReposV1Regression" name="test_repos_point_endpoint" time="0.126" /><testcase classname="tests.test_bce_4x_water_exclusion.TestHeatmapGridRegression" name="test_heatmap_endpoint_exists" time="0.187" /><testcase classname="tests.test_bce_4x_water_exclusion.TestHeatmapGridRegression" name="test_heatmap_default_grid_size" time="0.176" /><testcase classname="tests.test_bce_4x_water_exclusion.TestAllSpeciesSupport" name="test_score_consolide_all_species" time="0.865" /></testsuite></testsuites>