<?xml version="1.0" encoding="utf-8"?><testsuites name="pytest tests"><testsuite name="pytest" errors="0" failures="0" skipped="0" tests="16" time="95.075" timestamp="2026-03-16T20:40:55.415030+00:00" hostname="agent-env-988e7042-0d6e-4828-83ad-bd88586f06c4"><testcase classname="backend.tests.test_bionic_v3_certification.TestAdminAuthentication" name="test_new_password_login_success" time="0.216" /><testcase classname="backend.tests.test_bionic_v3_certification.TestAdminAuthentication" name="test_old_password_login_rejected" time="0.184" /><testcase classname="backend.tests.test_bionic_v3_certification.TestAdminAuthentication" name="test_wrong_email_rejected" time="0.164" /><testcase classname="backend.tests.test_bionic_v3_certification.TestHotspotSchedulerEndpoint" name="test_scheduler_run_returns_success" time="11.120" /><testcase classname="backend.tests.test_bionic_v3_certification.TestHotspotSchedulerEndpoint" name="test_scheduler_run_returns_bce4x_report" time="11.674" /><testcase classname="backend.tests.test_bionic_v3_certification.TestHotspotSchedulerEndpoint" name="test_scheduler_run_returns_next_year" time="11.544" /><testcase classname="backend.tests.test_bionic_v3_certification.TestHotspotSchedulerEndpoint" name="test_scheduler_run_returns_regions_summary" time="11.885" /><testcase classname="backend.tests.test_bionic_v3_certification.TestTerritoryTypesEndpoint" name="test_territory_types_returns_available_types" time="0.174" /><testcase classname="backend.tests.test_bionic_v3_certification.TestTerritoryTypesEndpoint" name="test_territory_types_returns_distribution" time="0.137" /><testcase classname="backend.tests.test_bionic_v3_certification.TestHotspotListEndpoint" name="test_list_returns_hotspots_with_territory_fields" time="11.926" /><testcase classname="backend.tests.test_bionic_v3_certification.TestHotspotListEndpoint" name="test_list_filter_by_territory_type" time="0.144" /><testcase classname="backend.tests.test_bionic_v3_certification.TestHotspotListEndpoint" name="test_list_filter_by_access_status" time="0.148" /><testcase classname="backend.tests.test_bionic_v3_certification.TestGestionnaireData" name="test_gestionnaire_has_contact_info" time="11.695" /><testcase classname="backend.tests.test_bionic_v3_certification.TestBCE4XReport" name="test_bce4x_report_returns_pass" time="11.765" /><testcase classname="backend.tests.test_bionic_v3_certification.TestHotspotExports" name="test_export_geojson_valid_structure" time="11.963" /><testcase classname="backend.tests.test_bionic_v3_certification.TestHotspotExports" name="test_export_json_returns_data" time="0.246" /></testsuite></testsuites>