<?xml version="1.0" encoding="utf-8"?><testsuites name="pytest tests"><testsuite name="pytest" errors="0" failures="4" skipped="0" tests="42" time="13.318" timestamp="2026-03-16T23:44:27.455361+00:00" hostname="agent-env-0c83b775-4a53-4b5c-bdc8-736239d9e8be"><testcase classname="tests.test_bionic_v3_engines.TestAlimentationV1Profiles" name="test_profiles_endpoint_returns_5_species" time="0.175" /><testcase classname="tests.test_bionic_v3_engines.TestAlimentationV1Profiles" name="test_species_profile_endpoint[CERF]" time="0.124" /><testcase classname="tests.test_bionic_v3_engines.TestAlimentationV1Profiles" name="test_species_profile_endpoint[ORIGNAL]" time="0.129" /><testcase classname="tests.test_bionic_v3_engines.TestAlimentationV1Profiles" name="test_species_profile_endpoint[OURS]" time="0.115" /><testcase classname="tests.test_bionic_v3_engines.TestAlimentationV1Profiles" name="test_species_profile_endpoint[DINDON]" time="0.179" /><testcase classname="tests.test_bionic_v3_engines.TestAlimentationV1Profiles" name="test_species_profile_endpoint[WAPITI]" time="0.125" /><testcase classname="tests.test_bionic_v3_engines.TestAlimentationV1Point" name="test_point_analysis_per_species[CERF]" time="0.102" /><testcase classname="tests.test_bionic_v3_engines.TestAlimentationV1Point" name="test_point_analysis_per_species[ORIGNAL]" time="0.155" /><testcase classname="tests.test_bionic_v3_engines.TestAlimentationV1Point" name="test_point_analysis_per_species[OURS]" time="0.133" /><testcase classname="tests.test_bionic_v3_engines.TestAlimentationV1Point" name="test_point_analysis_per_species[DINDON]" time="0.107" /><testcase classname="tests.test_bionic_v3_engines.TestAlimentationV1Point" name="test_point_analysis_per_species[WAPITI]" time="0.160" /><testcase classname="tests.test_bionic_v3_engines.TestAlimentationV1Point" name="test_point_with_different_months" time="0.493" /><testcase classname="tests.test_bionic_v3_engines.TestAlimentationV1Analyze" name="test_analyze_returns_valid_grid[CERF]" time="0.650" /><testcase classname="tests.test_bionic_v3_engines.TestAlimentationV1Analyze" name="test_analyze_returns_valid_grid[ORIGNAL]" time="0.560" /><testcase classname="tests.test_bionic_v3_engines.TestAlimentationV1Analyze" name="test_analyze_returns_valid_grid[OURS]" time="0.564" /><testcase classname="tests.test_bionic_v3_engines.TestAlimentationV1Analyze" name="test_analyze_returns_valid_grid[DINDON]" time="0.713" /><testcase classname="tests.test_bionic_v3_engines.TestAlimentationV1Analyze" name="test_analyze_returns_valid_grid[WAPITI]" time="0.500" /><testcase classname="tests.test_bionic_v3_engines.TestAlimentationV1Analyze" name="test_analyze_bce4x_validation_passes" time="0.613" /><testcase classname="tests.test_bionic_v3_engines.TestAlimentationV1Documentation" name="test_documentation_returns_complete_spec" time="0.140"><failure message="AssertionError: assert {'auteur': 'BIONIC Engine Builder', 'date_creation': '2026-03-16', 'id': 'ALIMENTATION-V1', 'statut': 'PRODUCTION', ...} == 'ALIMENTATION-V1'">tests/test_bionic_v3_engines.py:200: in test_documentation_returns_complete_spec
    assert data["engine"] == "ALIMENTATION-V1"
E   AssertionError: assert {'auteur': 'BIONIC Engine Builder', 'date_creation': '2026-03-16', 'id': 'ALIMENTATION-V1', 'statut': 'PRODUCTION', ...} == 'ALIMENTATION-V1'</failure></testcase><testcase classname="tests.test_bionic_v3_engines.TestReposV1Profiles" name="test_profiles_endpoint_returns_5_species" time="0.110" /><testcase classname="tests.test_bionic_v3_engines.TestReposV1Profiles" name="test_species_profile_endpoint[CERF]" time="0.116" /><testcase classname="tests.test_bionic_v3_engines.TestReposV1Profiles" name="test_species_profile_endpoint[ORIGNAL]" time="0.105" /><testcase classname="tests.test_bionic_v3_engines.TestReposV1Profiles" name="test_species_profile_endpoint[OURS]" time="0.148" /><testcase classname="tests.test_bionic_v3_engines.TestReposV1Profiles" name="test_species_profile_endpoint[DINDON]" time="0.129" /><testcase classname="tests.test_bionic_v3_engines.TestReposV1Profiles" name="test_species_profile_endpoint[WAPITI]" time="0.105" /><testcase classname="tests.test_bionic_v3_engines.TestReposV1Point" name="test_point_analysis_per_species[CERF]" time="0.129" /><testcase classname="tests.test_bionic_v3_engines.TestReposV1Point" name="test_point_analysis_per_species[ORIGNAL]" time="0.110" /><testcase classname="tests.test_bionic_v3_engines.TestReposV1Point" name="test_point_analysis_per_species[OURS]" time="0.132" /><testcase classname="tests.test_bionic_v3_engines.TestReposV1Point" name="test_point_analysis_per_species[DINDON]" time="0.243" /><testcase classname="tests.test_bionic_v3_engines.TestReposV1Point" name="test_point_analysis_per_species[WAPITI]" time="0.123" /><testcase classname="tests.test_bionic_v3_engines.TestReposV1Analyze" name="test_analyze_returns_valid_grid[CERF]" time="0.456" /><testcase classname="tests.test_bionic_v3_engines.TestReposV1Analyze" name="test_analyze_returns_valid_grid[ORIGNAL]" time="0.442" /><testcase classname="tests.test_bionic_v3_engines.TestReposV1Analyze" name="test_analyze_returns_valid_grid[OURS]" time="0.442" /><testcase classname="tests.test_bionic_v3_engines.TestReposV1Analyze" name="test_analyze_returns_valid_grid[DINDON]" time="0.484" /><testcase classname="tests.test_bionic_v3_engines.TestReposV1Analyze" name="test_analyze_returns_valid_grid[WAPITI]" time="0.417" /><testcase classname="tests.test_bionic_v3_engines.TestReposV1Analyze" name="test_analyze_bce4x_validation_passes" time="0.451" /><testcase classname="tests.test_bionic_v3_engines.TestReposV1Documentation" name="test_documentation_returns_complete_spec" time="0.108"><failure message="AssertionError: assert {'auteur': 'BIONIC Engine Builder', 'date_creation': '2026-03-16', 'id': 'REPOS-V1', 'statut': 'PRODUCTION', ...} == 'REPOS-V1'">tests/test_bionic_v3_engines.py:356: in test_documentation_returns_complete_spec
    assert data["engine"] == "REPOS-V1"
E   AssertionError: assert {'auteur': 'BIONIC Engine Builder', 'date_creation': '2026-03-16', 'id': 'REPOS-V1', 'statut': 'PRODUCTION', ...} == 'REPOS-V1'</failure></testcase><testcase classname="tests.test_bionic_v3_engines.TestMultiSpeciesAnalysis" name="test_alimentation_multi_returns_all_species" time="1.668" /><testcase classname="tests.test_bionic_v3_engines.TestMultiSpeciesAnalysis" name="test_repos_multi_returns_all_species" time="1.123" /><testcase classname="tests.test_bionic_v3_engines.TestEnginesIndependence" name="test_existing_v2_engines_still_work" time="0.143"><failure message="AssertionError: V2 engines status failed: 404&#10;assert 404 == 200&#10; +  where 404 = &lt;Response [404]&gt;.status_code">tests/test_bionic_v3_engines.py:423: in test_existing_v2_engines_still_work
    assert response.status_code == 200, f"V2 engines status failed: {response.status_code}"
E   AssertionError: V2 engines status failed: 404
E   assert 404 == 200
E    +  where 404 = &lt;Response [404]&gt;.status_code</failure></testcase><testcase classname="tests.test_bionic_v3_engines.TestEnginesIndependence" name="test_existing_v3_engines_still_work" time="0.114"><failure message="AssertionError: V3 engines status failed: 404&#10;assert 404 == 200&#10; +  where 404 = &lt;Response [404]&gt;.status_code">tests/test_bionic_v3_engines.py:429: in test_existing_v3_engines_still_work
    assert response.status_code == 200, f"V3 engines status failed: {response.status_code}"
E   AssertionError: V3 engines status failed: 404
E   assert 404 == 200
E    +  where 404 = &lt;Response [404]&gt;.status_code</failure></testcase><testcase classname="tests.test_bionic_v3_engines.TestEnginesIndependence" name="test_bionic_pipeline_still_works" time="0.122" /></testsuite></testsuites>