<?xml version="1.0" encoding="utf-8"?><testsuites name="pytest tests"><testsuite name="pytest" errors="0" failures="0" skipped="0" tests="15" time="6.710" timestamp="2026-03-12T19:09:18.451576+00:00" hostname="agent-env-485a5470-b68e-462d-8c3d-28938f3a6c90"><testcase classname="backend.tests.test_bionic_v9_visual_overhaul.TestBCE4XValidateCoverageV9" name="test_bce_coverage_v9_returns_all_rules" time="1.754" /><testcase classname="backend.tests.test_bionic_v9_visual_overhaul.TestBCE4XValidateCoverageV9" name="test_pipe_001_data_source_alignment_pass" time="0.133" /><testcase classname="backend.tests.test_bionic_v9_visual_overhaul.TestBCE4XValidateCoverageV9" name="test_ui_001_all_5_bands_present" time="0.126" /><testcase classname="backend.tests.test_bionic_v9_visual_overhaul.TestBCE4XValidateCoverageV9" name="test_ui_002_gradient_colors_match_normative" time="0.152" /><testcase classname="backend.tests.test_bionic_v9_visual_overhaul.TestBCE4XValidateCoverageV9" name="test_ui_003_layer_isolation_pane_650" time="0.130" /><testcase classname="backend.tests.test_bionic_v9_visual_overhaul.TestBandWidthsAndColors" name="test_band_widths_correct" time="2.502" /><testcase classname="backend.tests.test_bionic_v9_visual_overhaul.TestBandWidthsAndColors" name="test_band_colors_correct" time="0.252" /><testcase classname="backend.tests.test_bionic_v9_visual_overhaul.TestBandWidthsAndColors" name="test_all_5_bands_generated_always" time="0.289" /><testcase classname="backend.tests.test_bionic_v9_visual_overhaul.TestCenterlineAndClassificationLine" name="test_centerline_present" time="0.220" /><testcase classname="backend.tests.test_bionic_v9_visual_overhaul.TestCenterlineAndClassificationLine" name="test_classification_v9_present" time="0.211" /><testcase classname="backend.tests.test_bionic_v9_visual_overhaul.TestCorridorClippingWithinBounds" name="test_all_corridor_points_within_bounds" time="0.217" /><testcase classname="backend.tests.test_bionic_v9_visual_overhaul.TestCorridorClippingWithinBounds" name="test_all_band_coordinates_within_bounds" time="0.251" /><testcase classname="backend.tests.test_bionic_v9_visual_overhaul.TestWeatherCompliance" name="test_weather_compliance_returns_compliant_true" time="0.111" /><testcase classname="backend.tests.test_bionic_v9_visual_overhaul.TestBCERegistryAllEnginesActive" name="test_registry_shows_9_engines_active" time="0.135" /><testcase classname="backend.tests.test_bionic_v9_visual_overhaul.Test100PercentCompliance" name="test_validate_corridors_v9_100_percent" time="0.146" /></testsuite></testsuites>