<?xml version="1.0" encoding="utf-8"?><testsuites name="pytest tests"><testsuite name="pytest" errors="0" failures="0" skipped="0" tests="13" time="12.358" timestamp="2026-03-12T16:03:49.446076+00:00" hostname="agent-env-485a5470-b68e-462d-8c3d-28938f3a6c90"><testcase classname="backend.tests.test_bionic_v9.TestBCE4XWeatherCompliance" name="test_weather_compliance_endpoint_returns_valid_structure" time="0.325" /><testcase classname="backend.tests.test_bionic_v9.TestBCE4XWeatherCompliance" name="test_weather_cache_blocks_updates_within_60min" time="2.268" /><testcase classname="backend.tests.test_bionic_v9.TestBCE4XRegistry" name="test_registry_returns_16_modules" time="0.158" /><testcase classname="backend.tests.test_bionic_v9.TestBCE4XRegistry" name="test_all_9_bionic_engines_active" time="0.120" /><testcase classname="backend.tests.test_bionic_v9.TestV9CorridorValidation" name="test_validate_corridors_v9_100_percent_compliance" time="1.494" /><testcase classname="backend.tests.test_bionic_v9.TestV9CorridorValidation" name="test_corridors_have_9_engines_evaluated" time="0.147" /><testcase classname="backend.tests.test_bionic_v9.TestV9CorridorValidation" name="test_v9_classification_levels_present" time="0.110" /><testcase classname="backend.tests.test_bionic_v9.TestV9CorridorValidation" name="test_no_circular_corridors" time="0.114" /><testcase classname="backend.tests.test_bionic_v9.TestSpeciesCorridors" name="test_moose_corridors_generation" time="2.392" /><testcase classname="backend.tests.test_bionic_v9.TestSpeciesCorridors" name="test_deer_corridors_generation" time="2.333" /><testcase classname="backend.tests.test_bionic_v9.TestSpeciesCorridors" name="test_bear_corridors_generation" time="2.360" /><testcase classname="backend.tests.test_bionic_v9.TestSpeciesCorridors" name="test_corridors_have_v9_subscores" time="0.133" /><testcase classname="backend.tests.test_bionic_v9.TestEngineScoreDynamics" name="test_scores_vary_by_species" time="0.306" /></testsuite></testsuites>