<?xml version="1.0" encoding="utf-8"?><testsuites name="pytest tests"><testsuite name="pytest" errors="0" failures="0" skipped="0" tests="13" time="119.271" timestamp="2026-03-13T11:17:05.304264+00:00" hostname="agent-env-988e7042-0d6e-4828-83ad-bd88586f06c4"><testcase classname="backend.tests.test_bionic_hotspots_v3.TestHotspotRegions" name="test_list_regions_returns_12" time="0.231" /><testcase classname="backend.tests.test_bionic_hotspots_v3.TestHotspotRegions" name="test_regions_include_expected_ids" time="0.149" /><testcase classname="backend.tests.test_bionic_hotspots_v3.TestHotspotExtraction" name="test_extract_all_returns_success" time="11.111" /><testcase classname="backend.tests.test_bionic_hotspots_v3.TestHotspotExtraction" name="test_extract_returns_regions_summary" time="11.787" /><testcase classname="backend.tests.test_bionic_hotspots_v3.TestHotspotList" name="test_list_returns_hotspots" time="11.903" /><testcase classname="backend.tests.test_bionic_hotspots_v3.TestHotspotList" name="test_list_filter_classification_majeur" time="11.867" /><testcase classname="backend.tests.test_bionic_hotspots_v3.TestHotspotList" name="test_list_filter_by_species" time="11.896" /><testcase classname="backend.tests.test_bionic_hotspots_v3.TestHotspotList" name="test_list_filter_by_region" time="12.014" /><testcase classname="backend.tests.test_bionic_hotspots_v3.TestHotspotStats" name="test_stats_returns_aggregated_data" time="12.033" /><testcase classname="backend.tests.test_bionic_hotspots_v3.TestHotspotExportGeoJSON" name="test_export_geojson_valid_structure" time="12.062" /><testcase classname="backend.tests.test_bionic_hotspots_v3.TestHotspotBCE4XReport" name="test_bce4x_report_overall_pass" time="12.112" /><testcase classname="backend.tests.test_bionic_hotspots_v3.TestHotspotDailyReport" name="test_daily_report_structure" time="11.866" /><testcase classname="backend.tests.test_bionic_hotspots_v3.TestHotspotBeforeExtraction" name="test_list_before_extraction_returns_empty" time="0.138" /></testsuite></testsuites>