<?xml version="1.0" encoding="utf-8"?><testsuites name="pytest tests"><testsuite name="pytest" errors="0" failures="2" skipped="0" tests="29" time="4.445" timestamp="2026-03-17T00:51:18.267961+00:00" hostname="agent-env-0c83b775-4a53-4b5c-bdc8-736239d9e8be"><testcase classname="tests.test_bionic_v3_score_consolide.TestPlanDeMatchDocument" name="test_audit_list_contains_plan_de_match_files" time="0.241" /><testcase classname="tests.test_bionic_v3_score_consolide.TestPlanDeMatchDocument" name="test_plan_de_match_md_returns_200" time="0.163" /><testcase classname="tests.test_bionic_v3_score_consolide.TestPlanDeMatchDocument" name="test_plan_de_match_md_contains_9_definitions" time="0.178" /><testcase classname="tests.test_bionic_v3_score_consolide.TestPlanDeMatchDocument" name="test_plan_de_match_pdf_returns_200" time="0.114" /><testcase classname="tests.test_bionic_v3_score_consolide.TestPlanDeMatchDocument" name="test_plan_de_match_content_type_headers" time="0.233" /><testcase classname="tests.test_bionic_v3_score_consolide.TestScoreConsolidePoint" name="test_score_consolide_point_returns_200" time="0.157" /><testcase classname="tests.test_bionic_v3_score_consolide.TestScoreConsolidePoint" name="test_score_in_valid_range" time="0.146" /><testcase classname="tests.test_bionic_v3_score_consolide.TestScoreConsolidePoint" name="test_score_has_components" time="0.116" /><testcase classname="tests.test_bionic_v3_score_consolide.TestScoreConsolidePoint" name="test_score_has_weights" time="0.125" /><testcase classname="tests.test_bionic_v3_score_consolide.TestScoreConsolidePoint" name="test_score_has_tracability" time="0.132" /><testcase classname="tests.test_bionic_v3_score_consolide.TestScoreConsolidePoint" name="test_score_classification_labels" time="0.161" /><testcase classname="tests.test_bionic_v3_score_consolide.TestScoreConsolideMultiSpecies" name="test_score_consolide_for_species[CERF]" time="0.127" /><testcase classname="tests.test_bionic_v3_score_consolide.TestScoreConsolideMultiSpecies" name="test_score_consolide_for_species[ORIGNAL]" time="0.167" /><testcase classname="tests.test_bionic_v3_score_consolide.TestScoreConsolideMultiSpecies" name="test_score_consolide_for_species[OURS]" time="0.130" /><testcase classname="tests.test_bionic_v3_score_consolide.TestScoreConsolideMultiSpecies" name="test_score_consolide_for_species[DINDON]" time="0.122" /><testcase classname="tests.test_bionic_v3_score_consolide.TestScoreConsolideMultiSpecies" name="test_score_consolide_for_species[WAPITI]" time="0.118" /><testcase classname="tests.test_bionic_v3_score_consolide.TestHeatmapGrid" name="test_heatmap_returns_200" time="0.181" /><testcase classname="tests.test_bionic_v3_score_consolide.TestHeatmapGrid" name="test_heatmap_grid_size_default" time="0.152" /><testcase classname="tests.test_bionic_v3_score_consolide.TestHeatmapGrid" name="test_heatmap_points_have_scores" time="0.154" /><testcase classname="tests.test_bionic_v3_score_consolide.TestHeatmapGrid" name="test_heatmap_has_statistics" time="0.177" /><testcase classname="tests.test_bionic_v3_score_consolide.TestHeatmapGrid" name="test_heatmap_works_for_species[CERF]" time="0.120" /><testcase classname="tests.test_bionic_v3_score_consolide.TestHeatmapGrid" name="test_heatmap_works_for_species[ORIGNAL]" time="0.118" /><testcase classname="tests.test_bionic_v3_score_consolide.TestHeatmapGrid" name="test_heatmap_works_for_species[OURS]" time="0.116" /><testcase classname="tests.test_bionic_v3_score_consolide.TestHeatmapGrid" name="test_heatmap_works_for_species[DINDON]" time="0.124" /><testcase classname="tests.test_bionic_v3_score_consolide.TestHeatmapGrid" name="test_heatmap_works_for_species[WAPITI]" time="0.133" /><testcase classname="tests.test_bionic_v3_score_consolide.TestALIMENTATIONV1Regression" name="test_alimentation_profiles_still_works" time="0.204"><failure message="KeyError: 'species_id'">tests/test_bionic_v3_score_consolide.py:348: in test_alimentation_profiles_still_works
    species_ids = [p["species_id"] for p in data["profiles"]]
                  ^^^^^^^^^^^^^^^^^^^^^^^^^^^^^^^^^^^^^^^^^^^
tests/test_bionic_v3_score_consolide.py:348: in &lt;listcomp&gt;
    species_ids = [p["species_id"] for p in data["profiles"]]
                   ^^^^^^^^^^^^^^^
E   KeyError: 'species_id'</failure></testcase><testcase classname="tests.test_bionic_v3_score_consolide.TestALIMENTATIONV1Regression" name="test_alimentation_point_still_works" time="0.135" /><testcase classname="tests.test_bionic_v3_score_consolide.TestREPOSV1Regression" name="test_repos_profiles_still_works" time="0.144"><failure message="KeyError: 'species_id'">tests/test_bionic_v3_score_consolide.py:381: in test_repos_profiles_still_works
    species_ids = [p["species_id"] for p in data["profiles"]]
                  ^^^^^^^^^^^^^^^^^^^^^^^^^^^^^^^^^^^^^^^^^^^
tests/test_bionic_v3_score_consolide.py:381: in &lt;listcomp&gt;
    species_ids = [p["species_id"] for p in data["profiles"]]
                   ^^^^^^^^^^^^^^^
E   KeyError: 'species_id'</failure></testcase><testcase classname="tests.test_bionic_v3_score_consolide.TestREPOSV1Regression" name="test_repos_point_still_works" time="0.118" /></testsuite></testsuites>