<?xml version="1.0" encoding="utf-8"?><testsuites name="pytest tests"><testsuite name="pytest" errors="0" failures="0" skipped="0" tests="14" time="36.401" timestamp="2026-03-13T11:49:58.364172+00:00" hostname="agent-env-988e7042-0d6e-4828-83ad-bd88586f06c4"><testcase classname="backend.tests.test_bionic_hotspots_p0.TestSchedulerEndpoint" name="test_scheduler_run_returns_success" time="11.305" /><testcase classname="backend.tests.test_bionic_hotspots_p0.TestSchedulerEndpoint" name="test_scheduler_run_returns_next_year" time="11.850" /><testcase classname="backend.tests.test_bionic_hotspots_p0.TestSchedulerStatus" name="test_scheduler_status_returns_config" time="0.139" /><testcase classname="backend.tests.test_bionic_hotspots_p0.TestEnrichedTerritoryData" name="test_list_returns_hotspots_with_territory_fields" time="0.185" /><testcase classname="backend.tests.test_bionic_hotspots_p0.TestEnrichedTerritoryData" name="test_list_hotspot_gps_structure" time="0.109" /><testcase classname="backend.tests.test_bionic_hotspots_p0.TestGestionnaireData" name="test_gestionnaire_zec_has_contact_info" time="0.157" /><testcase classname="backend.tests.test_bionic_hotspots_p0.TestGestionnaireData" name="test_gestionnaire_gouvernemental_has_ministere_reglements" time="0.119" /><testcase classname="backend.tests.test_bionic_hotspots_p0.TestGestionnaireData" name="test_gestionnaire_prive_has_lot_info" time="0.117" /><testcase classname="backend.tests.test_bionic_hotspots_p0.TestTerritoryFilters" name="test_filter_by_territory_type_zec" time="0.138" /><testcase classname="backend.tests.test_bionic_hotspots_p0.TestTerritoryFilters" name="test_filter_by_access_status_payant" time="0.168" /><testcase classname="backend.tests.test_bionic_hotspots_p0.TestTerritoryFilters" name="test_filter_by_territory_type_reserve_faunique" time="0.147" /><testcase classname="backend.tests.test_bionic_hotspots_p0.TestTerritoryTypesEndpoint" name="test_territory_types_returns_available_types" time="0.149" /><testcase classname="backend.tests.test_bionic_hotspots_p0.TestTerritoryTypesEndpoint" name="test_territory_types_returns_distribution" time="0.106" /><testcase classname="backend.tests.test_bionic_hotspots_p0.TestExtractionSummary" name="test_extraction_returns_regions_summary_with_counts" time="11.628" /></testsuite></testsuites>