<?xml version="1.0" encoding="utf-8"?><testsuites name="pytest tests"><testsuite name="pytest" errors="0" failures="0" skipped="0" tests="16" time="101.262" timestamp="2026-03-16T21:00:30.467418+00:00" hostname="agent-env-fa2cc42a-4bd1-4bd1-888e-21895df293fc"><testcase classname="tests.test_bionic_v3_certification.TestAdminAuthentication" name="test_new_password_login_success" time="0.303" /><testcase classname="tests.test_bionic_v3_certification.TestAdminAuthentication" name="test_old_password_login_rejected" time="0.153" /><testcase classname="tests.test_bionic_v3_certification.TestAdminAuthentication" name="test_wrong_email_rejected" time="0.120" /><testcase classname="tests.test_bionic_v3_certification.TestHotspotSchedulerEndpoint" name="test_scheduler_run_returns_success" time="11.846" /><testcase classname="tests.test_bionic_v3_certification.TestHotspotSchedulerEndpoint" name="test_scheduler_run_returns_bce4x_report" time="12.448" /><testcase classname="tests.test_bionic_v3_certification.TestHotspotSchedulerEndpoint" name="test_scheduler_run_returns_next_year" time="12.490" /><testcase classname="tests.test_bionic_v3_certification.TestHotspotSchedulerEndpoint" name="test_scheduler_run_returns_regions_summary" time="12.351" /><testcase classname="tests.test_bionic_v3_certification.TestTerritoryTypesEndpoint" name="test_territory_types_returns_available_types" time="0.168" /><testcase classname="tests.test_bionic_v3_certification.TestTerritoryTypesEndpoint" name="test_territory_types_returns_distribution" time="0.141" /><testcase classname="tests.test_bionic_v3_certification.TestHotspotListEndpoint" name="test_list_returns_hotspots_with_territory_fields" time="12.823" /><testcase classname="tests.test_bionic_v3_certification.TestHotspotListEndpoint" name="test_list_filter_by_territory_type" time="0.165" /><testcase classname="tests.test_bionic_v3_certification.TestHotspotListEndpoint" name="test_list_filter_by_access_status" time="0.146" /><testcase classname="tests.test_bionic_v3_certification.TestGestionnaireData" name="test_gestionnaire_has_contact_info" time="12.591" /><testcase classname="tests.test_bionic_v3_certification.TestBCE4XReport" name="test_bce4x_report_returns_pass" time="12.616" /><testcase classname="tests.test_bionic_v3_certification.TestHotspotExports" name="test_export_geojson_valid_structure" time="12.607" /><testcase classname="tests.test_bionic_v3_certification.TestHotspotExports" name="test_export_json_returns_data" time="0.192" /></testsuite></testsuites>