<?xml version="1.0" encoding="utf-8"?><testsuites name="pytest tests"><testsuite name="pytest" errors="0" failures="0" skipped="0" tests="6" time="4.583" timestamp="2026-03-12T10:49:43.963943+00:00" hostname="agent-env-efe9caa5-1e9d-4e65-90ad-21f891309674"><testcase classname="backend.tests.test_bce_certification_v8.TestCertification1_EcologicalAPI" name="test_cert1a_species_list_returns_3_species" time="2.695" /><testcase classname="backend.tests.test_bce_certification_v8.TestCertification1_EcologicalAPI" name="test_cert1b_orignal_zones_contain_required_data" time="0.124" /><testcase classname="backend.tests.test_bce_certification_v8.TestCertification2_ZoneGeneration" name="test_cert2_zone_generation_returns_corridors" time="1.208" /><testcase classname="backend.tests.test_bce_certification_v8.TestCertification7_BCEValidation" name="test_cert7_bce_validation_returns_compliant" time="0.111" /><testcase classname="backend.tests.test_bce_certification_v8.TestCertification8_BCEStatus" name="test_cert8_bce_status_returns_operational" time="0.222" /><testcase classname="backend.tests.test_bce_certification_v8.TestBackendHealth" name="test_backend_health" time="0.099" /></testsuite></testsuites>