<?xml version="1.0" encoding="utf-8"?><testsuites name="pytest tests"><testsuite name="pytest" errors="0" failures="0" skipped="0" tests="8" time="4.628" timestamp="2026-03-18T13:46:29.932467+00:00" hostname="agent-env-af2301b1-38bc-4196-8905-5408589fea36"><testcase classname="backend.tests.test_corridors_v10_transparent_mode.TestHeatmapV10API" name="test_heatmap_with_corridors" time="2.890" /><testcase classname="backend.tests.test_corridors_v10_transparent_mode.TestHeatmapV10API" name="test_heatmap_without_corridors" time="0.219" /><testcase classname="backend.tests.test_corridors_v10_transparent_mode.TestHeatmapV10API" name="test_score_difference_with_without_corridors" time="0.406" /><testcase classname="backend.tests.test_corridors_v10_transparent_mode.TestHeatmapV10API" name="test_point_structure" time="0.111" /><testcase classname="backend.tests.test_corridors_v10_transparent_mode.TestHeatmapV10API" name="test_weights_sum_to_one" time="0.148" /><testcase classname="backend.tests.test_corridors_v10_transparent_mode.TestHeatmapV10API" name="test_multiple_species" time="0.391" /><testcase classname="backend.tests.test_corridors_v10_transparent_mode.TestAbolishedLiteProModes" name="test_no_lite_pro_in_api_response" time="0.143" /><testcase classname="backend.tests.test_corridors_v10_transparent_mode.TestCorridorsV10Endpoint" name="test_corridors_v10_endpoint" time="0.109" /></testsuite></testsuites>