<?xml version="1.0" encoding="utf-8"?><testsuites name="pytest tests"><testsuite name="pytest" errors="0" failures="0" skipped="0" tests="21" time="12.191" timestamp="2026-03-17T12:28:44.920748+00:00" hostname="agent-env-73581da5-8b09-4531-ab2f-41a36004d283"><testcase classname="backend.tests.test_corridors_v10_normative.TestCorridorLevelsPalette" name="test_documentation_has_palette_normative" time="0.288" /><testcase classname="backend.tests.test_corridors_v10_normative.TestCorridorLevelsPalette" name="test_palette_colors_match_norm" time="0.152" /><testcase classname="backend.tests.test_corridors_v10_normative.TestCorridorLevelsPalette" name="test_palette_widths_match_norm" time="0.126" /><testcase classname="backend.tests.test_corridors_v10_normative.TestAnalyzeNiveauDistribution" name="test_analyze_has_niveau_distribution" time="0.368" /><testcase classname="backend.tests.test_corridors_v10_normative.TestAnalyzeNiveauDistribution" name="test_niveau_distribution_colors_match" time="0.417" /><testcase classname="backend.tests.test_corridors_v10_normative.TestAnalyzeFullPerCorridorScoring" name="test_geojson_corridors_have_score_individuel" time="0.376" /><testcase classname="backend.tests.test_corridors_v10_normative.TestAnalyzeFullPerCorridorScoring" name="test_geojson_corridors_have_niveau" time="0.455" /><testcase classname="backend.tests.test_corridors_v10_normative.TestAnalyzeFullPerCorridorScoring" name="test_geojson_corridors_have_color_matching_niveau" time="0.408" /><testcase classname="backend.tests.test_corridors_v10_normative.TestAnalyzeFullPerCorridorScoring" name="test_geojson_corridors_have_largeur_m" time="0.410" /><testcase classname="backend.tests.test_corridors_v10_normative.TestAnalyzeFullPerCorridorScoring" name="test_geojson_corridors_have_render_properties" time="0.388" /><testcase classname="backend.tests.test_corridors_v10_normative.TestCOR006Validation" name="test_bce4x_has_cor006_check" time="0.351" /><testcase classname="backend.tests.test_corridors_v10_normative.TestCOR006Validation" name="test_cor006_passes_all_species" time="1.618" /><testcase classname="backend.tests.test_corridors_v10_normative.TestMultiSpeciesPaletteNormative" name="test_multi_has_palette_normative" time="1.420" /><testcase classname="backend.tests.test_corridors_v10_normative.TestMultiSpeciesPaletteNormative" name="test_multi_species_have_niveau_distribution" time="1.351" /><testcase classname="backend.tests.test_corridors_v10_normative.TestSpeciesDescriptionCorridor" name="test_profiles_have_description_corridor" time="0.931" /><testcase classname="backend.tests.test_corridors_v10_normative.TestSpeciesDescriptionCorridor" name="test_analyze_full_has_description" time="0.370" /><testcase classname="backend.tests.test_corridors_v10_normative.TestEnrichedCellData" name="test_corridors_have_varying_scores" time="0.363" /><testcase classname="backend.tests.test_corridors_v10_normative.TestEnrichedCellData" name="test_niveau_distribution_has_counts" time="0.385" /><testcase classname="backend.tests.test_corridors_v10_normative.TestCorridorSummaryInAnalyze" name="test_corridors_summary_has_normative_fields" time="0.343" /><testcase classname="backend.tests.test_corridors_v10_normative.TestAntiRegressionExistingEngines" name="test_alimentation_v1_still_works" time="0.839" /><testcase classname="backend.tests.test_corridors_v10_normative.TestAntiRegressionExistingEngines" name="test_repos_v1_still_works" time="0.727" /></testsuite></testsuites>