<?xml version="1.0" encoding="utf-8"?><testsuites name="pytest tests"><testsuite name="pytest" errors="0" failures="0" skipped="0" tests="8" time="2.873" timestamp="2026-03-19T14:26:10.221624+00:00" hostname="agent-env-8ed8b887-34ff-4763-8f5a-2c9d659f7acc"><testcase classname="backend.tests.test_corridors_v10_sections.TestGuideProAPI" name="test_guide_pro_returns_weather_official" time="1.748" /><testcase classname="backend.tests.test_corridors_v10_sections.TestGuideProAPI" name="test_weather_official_temperature_is_numeric" time="0.150" /><testcase classname="backend.tests.test_corridors_v10_sections.TestGuideProAPI" name="test_weather_official_wind_data" time="0.118" /><testcase classname="backend.tests.test_corridors_v10_sections.TestGuideProAPI" name="test_guide_pro_terrain_score" time="0.173" /><testcase classname="backend.tests.test_corridors_v10_sections.TestGuideProAPI" name="test_guide_pro_hunting_windows" time="0.122" /><testcase classname="backend.tests.test_corridors_v10_sections.TestIntelligenceSummaryAPI" name="test_summary_endpoint" time="0.116" /><testcase classname="backend.tests.test_corridors_v10_sections.TestSolunarAPI" name="test_solunar_returns_curve" time="0.160" /><testcase classname="backend.tests.test_corridors_v10_sections.TestEngineRegistry" name="test_registry_endpoint" time="0.161" /></testsuite></testsuites>