<?xml version="1.0" encoding="utf-8"?><testsuites name="pytest tests"><testsuite name="pytest" errors="0" failures="0" skipped="0" tests="31" time="10.671" timestamp="2026-03-17T11:08:19.951607+00:00" hostname="agent-env-73581da5-8b09-4531-ab2f-41a36004d283"><testcase classname="tests.test_corridors_v10.TestCorridorsV10Profiles" name="test_profiles_endpoint_returns_200" time="0.837" /><testcase classname="tests.test_corridors_v10.TestCorridorsV10Profiles" name="test_profiles_lists_5_species" time="0.102" /><testcase classname="tests.test_corridors_v10.TestCorridorsV10ProfileSingle" name="test_profile_returns_12_params[CERF]" time="0.122" /><testcase classname="tests.test_corridors_v10.TestCorridorsV10ProfileSingle" name="test_profile_returns_12_params[ORIGNAL]" time="0.151" /><testcase classname="tests.test_corridors_v10.TestCorridorsV10ProfileSingle" name="test_profile_returns_12_params[OURS]" time="0.120" /><testcase classname="tests.test_corridors_v10.TestCorridorsV10ProfileSingle" name="test_profile_returns_12_params[DINDON]" time="0.104" /><testcase classname="tests.test_corridors_v10.TestCorridorsV10ProfileSingle" name="test_profile_returns_12_params[WAPITI]" time="0.119" /><testcase classname="tests.test_corridors_v10.TestCorridorsV10Analyze" name="test_analyze_returns_200" time="0.287" /><testcase classname="tests.test_corridors_v10.TestCorridorsV10Analyze" name="test_analyze_returns_score_and_classification" time="0.269" /><testcase classname="tests.test_corridors_v10.TestCorridorsV10Analyze" name="test_analyze_returns_continuity" time="0.274" /><testcase classname="tests.test_corridors_v10.TestCorridorsV10Analyze" name="test_analyze_returns_bce4x_pass" time="0.266" /><testcase classname="tests.test_corridors_v10.TestCorridorsV10Analyze" name="test_analyze_returns_steeve_max_pass" time="0.282" /><testcase classname="tests.test_corridors_v10.TestCorridorsV10AnalyzeFull" name="test_analyze_full_returns_geojson" time="0.305" /><testcase classname="tests.test_corridors_v10.TestCorridorsV10AnalyzeFull" name="test_analyze_full_geojson_has_corridors_and_zones" time="0.309" /><testcase classname="tests.test_corridors_v10.TestCorridorsV10Multi" name="test_multi_returns_5_species" time="1.057" /><testcase classname="tests.test_corridors_v10.TestCorridorsV10Multi" name="test_multi_all_species_pass_validation" time="1.016" /><testcase classname="tests.test_corridors_v10.TestCorridorsV10Documentation" name="test_documentation_returns_complete_info" time="0.144" /><testcase classname="tests.test_corridors_v10.TestCorridorsV10WaterBarrier" name="test_no_corridor_crosses_water" time="0.267" /><testcase classname="tests.test_corridors_v10.TestCorridorsV10SlopeBarrier" name="test_no_corridor_exceeds_max_slope" time="0.267" /><testcase classname="tests.test_corridors_v10.TestCorridorsV10NoSelfIntersection" name="test_no_self_intersection" time="0.278" /><testcase classname="tests.test_corridors_v10.TestAntiRegressionALIMENTATION" name="test_alimentation_v1_profiles_still_works" time="0.104" /><testcase classname="tests.test_corridors_v10.TestAntiRegressionALIMENTATION" name="test_alimentation_v1_analyze_still_works" time="0.998" /><testcase classname="tests.test_corridors_v10.TestAntiRegressionREPOS" name="test_repos_v1_profiles_still_works" time="0.108" /><testcase classname="tests.test_corridors_v10.TestAntiRegressionREPOS" name="test_repos_v1_analyze_still_works" time="0.782" /><testcase classname="tests.test_corridors_v10.TestCorridorsV10MultipleCoordinates" name="test_corridors_at_different_locations[coords0]" time="0.283" /><testcase classname="tests.test_corridors_v10.TestCorridorsV10MultipleCoordinates" name="test_corridors_at_different_locations[coords1]" time="0.279" /><testcase classname="tests.test_corridors_v10.TestCorridorsV10MultipleCoordinates" name="test_corridors_at_different_locations[coords2]" time="0.272" /><testcase classname="tests.test_corridors_v10.TestCorridorsV10Seasons" name="test_corridors_by_season[1-hiver]" time="0.305" /><testcase classname="tests.test_corridors_v10.TestCorridorsV10Seasons" name="test_corridors_by_season[4-printemps]" time="0.273" /><testcase classname="tests.test_corridors_v10.TestCorridorsV10Seasons" name="test_corridors_by_season[7-ete]" time="0.279" /><testcase classname="tests.test_corridors_v10.TestCorridorsV10Seasons" name="test_corridors_by_season[10-automne]" time="0.272" /></testsuite></testsuites>