<?xml version="1.0" encoding="utf-8"?><testsuites name="pytest tests"><testsuite name="pytest" errors="0" failures="0" skipped="0" tests="10" time="1.831" timestamp="2026-03-18T13:15:52.505154+00:00" hostname="agent-env-af2301b1-38bc-4196-8905-5408589fea36"><testcase classname="tests.test_heatmap_v10_lite_pro.TestHeatmapAPI" name="test_heatmap_with_corridors_included" time="0.195" /><testcase classname="tests.test_heatmap_v10_lite_pro.TestHeatmapAPI" name="test_heatmap_without_corridors" time="0.166" /><testcase classname="tests.test_heatmap_v10_lite_pro.TestHeatmapAPI" name="test_score_difference_with_without_corridors" time="0.407" /><testcase classname="tests.test_heatmap_v10_lite_pro.TestHeatmapAPI" name="test_grid_returns_400_points" time="0.226" /><testcase classname="tests.test_heatmap_v10_lite_pro.TestHeatmapAPI" name="test_point_structure" time="0.112" /><testcase classname="tests.test_heatmap_v10_lite_pro.TestHeatmapAPI" name="test_weights_sum_to_one" time="0.156" /><testcase classname="tests.test_heatmap_v10_lite_pro.TestHeatmapAPI" name="test_ours_species" time="0.118" /><testcase classname="tests.test_heatmap_v10_lite_pro.TestHeatmapAPI" name="test_dindon_species" time="0.113" /><testcase classname="tests.test_heatmap_v10_lite_pro.TestEngineWeights" name="test_expected_engine_weights_with_corridors" time="0.114" /><testcase classname="tests.test_heatmap_v10_lite_pro.TestEngineWeights" name="test_engines_integrated_list" time="0.123" /></testsuite></testsuites>