<?xml version="1.0" encoding="utf-8"?><testsuites name="pytest tests"><testsuite name="pytest" errors="0" failures="0" skipped="0" tests="12" time="2.326" timestamp="2026-03-18T12:28:22.203410+00:00" hostname="agent-env-fb32ef76-d06b-4cc8-9cf3-e22f09877a4c"><testcase classname="backend.tests.test_heatmap_v10_corridors.TestHeatmapV10API" name="test_heatmap_endpoint_returns_200" time="0.223" /><testcase classname="backend.tests.test_heatmap_v10_corridors.TestHeatmapV10API" name="test_heatmap_returns_grid_with_points" time="0.179" /><testcase classname="backend.tests.test_heatmap_v10_corridors.TestHeatmapV10API" name="test_heatmap_has_score_avg" time="0.155" /><testcase classname="backend.tests.test_heatmap_v10_corridors.TestHeatmapV10API" name="test_heatmap_includes_corridors_v10_in_engines" time="0.226" /><testcase classname="backend.tests.test_heatmap_v10_corridors.TestHeatmapV10API" name="test_heatmap_weights_include_corridors_v10" time="0.216" /><testcase classname="backend.tests.test_heatmap_v10_corridors.TestHeatmapV10API" name="test_heatmap_point_structure" time="0.159" /><testcase classname="backend.tests.test_heatmap_v10_corridors.TestHeatmapV10API" name="test_heatmap_classe_values" time="0.178" /><testcase classname="backend.tests.test_heatmap_v10_corridors.TestHeatmapV10API" name="test_water_exclusion_works" time="0.158" /><testcase classname="backend.tests.test_heatmap_v10_corridors.TestHeatmapV10API" name="test_tracability_corridors_v10_integrated" time="0.106" /><testcase classname="backend.tests.test_heatmap_v10_corridors.TestHeatmapV10API" name="test_different_species" time="0.361" /><testcase classname="backend.tests.test_heatmap_v10_corridors.TestHeatmapV10API" name="test_color_gradient_correct" time="0.170" /><testcase classname="backend.tests.test_heatmap_v10_corridors.TestConsolidatedScoreSinglePoint" name="test_single_point_endpoint" time="0.115" /></testsuite></testsuites>