<?xml version="1.0" encoding="utf-8"?><testsuites name="pytest tests"><testsuite name="pytest" errors="0" failures="0" skipped="0" tests="32" time="280.906" timestamp="2026-02-22T16:29:30.289573+00:00" hostname="agent-env-f1ce092e-cb7d-44e2-b6af-a45006b6d1c7"><testcase classname="backend.tests.test_hunt_plan_analyzer.TestHuntPlanAnalyzerStatus" name="test_status_returns_200" time="0.254" /><testcase classname="backend.tests.test_hunt_plan_analyzer.TestHuntPlanAnalyzerStatus" name="test_status_response_structure" time="0.167" /><testcase classname="backend.tests.test_hunt_plan_analyzer.TestHuntPlanAnalyzerStatus" name="test_status_shows_operational" time="0.110" /><testcase classname="backend.tests.test_hunt_plan_analyzer.TestHuntPlanAnalyzerStatus" name="test_services_status" time="0.150" /><testcase classname="backend.tests.test_hunt_plan_analyzer.TestHuntPlanAnalyzerStatus" name="test_supported_species" time="0.115" /><testcase classname="backend.tests.test_hunt_plan_analyzer.TestHuntPlanAnalyzerStatus" name="test_supported_time_ranges" time="0.125" /><testcase classname="backend.tests.test_hunt_plan_analyzer.TestHuntPlanAnalyzerStatus" name="test_supported_hotspot_types" time="0.115" /><testcase classname="backend.tests.test_hunt_plan_analyzer.TestHuntPlanAnalyzerPost" name="test_analyze_basic_request" time="14.651" /><testcase classname="backend.tests.test_hunt_plan_analyzer.TestHuntPlanAnalyzerPost" name="test_analyze_multi_species" time="30.598" /><testcase classname="backend.tests.test_hunt_plan_analyzer.TestHuntPlanAnalyzerPost" name="test_response_structure_complete" time="8.617" /><testcase classname="backend.tests.test_hunt_plan_analyzer.TestHuntPlanAnalyzerPost" name="test_analysis_quality_partial" time="8.522" /><testcase classname="backend.tests.test_hunt_plan_analyzer.TestHuntPlanAnalyzerPost" name="test_weather_summary_inactive" time="8.547" /><testcase classname="backend.tests.test_hunt_plan_analyzer.TestHuntPlanAnalyzerPost" name="test_species_synthesis_structure" time="8.485" /><testcase classname="backend.tests.test_hunt_plan_analyzer.TestHuntPlanAnalyzerPost" name="test_global_optimal_windows" time="30.820" /><testcase classname="backend.tests.test_hunt_plan_analyzer.TestHuntPlanAnalyzerPost" name="test_scored_hotspots_included" time="8.644" /><testcase classname="backend.tests.test_hunt_plan_analyzer.TestHuntPlanAnalyzerPost" name="test_scored_hotspots_excluded" time="8.552" /><testcase classname="backend.tests.test_hunt_plan_analyzer.TestHuntPlanAnalyzerPost" name="test_dynamic_scoring_integration" time="8.546" /><testcase classname="backend.tests.test_hunt_plan_analyzer.TestHuntPlanAnalyzerPost" name="test_metadata_services_status" time="8.529" /><testcase classname="backend.tests.test_hunt_plan_analyzer.TestHuntPlanAnalyzerPost" name="test_global_recommendations" time="30.687" /><testcase classname="backend.tests.test_hunt_plan_analyzer.TestHuntPlanAnalyzerPost" name="test_calculation_time_in_metadata" time="8.716" /><testcase classname="backend.tests.test_hunt_plan_analyzer.TestHuntPlanAnalyzerValidation" name="test_invalid_bounds_latitude" time="0.160" /><testcase classname="backend.tests.test_hunt_plan_analyzer.TestHuntPlanAnalyzerValidation" name="test_invalid_bounds_longitude" time="0.194" /><testcase classname="backend.tests.test_hunt_plan_analyzer.TestHuntPlanAnalyzerValidation" name="test_invalid_min_score_threshold" time="0.126" /><testcase classname="backend.tests.test_hunt_plan_analyzer.TestHuntPlanAnalyzerValidation" name="test_invalid_datetime_format" time="0.166" /><testcase classname="backend.tests.test_hunt_plan_analyzer.TestHuntPlanAnalyzerValidation" name="test_missing_bounds" time="0.120" /><testcase classname="backend.tests.test_hunt_plan_analyzer.TestHuntPlanAnalyzerValidation" name="test_valid_time_range_24h" time="8.523" /><testcase classname="backend.tests.test_hunt_plan_analyzer.TestHuntPlanAnalyzerValidation" name="test_valid_iso_datetime" time="8.494" /><testcase classname="backend.tests.test_hunt_plan_analyzer.TestHuntPlanAnalyzerEdgeCases" name="test_empty_species_uses_default" time="0.156" /><testcase classname="backend.tests.test_hunt_plan_analyzer.TestHuntPlanAnalyzerEdgeCases" name="test_unknown_species_ignored" time="8.513" /><testcase classname="backend.tests.test_hunt_plan_analyzer.TestHuntPlanAnalyzerEdgeCases" name="test_small_bounds_area" time="34.587" /><testcase classname="backend.tests.test_hunt_plan_analyzer.TestHuntPlanAnalyzerEdgeCases" name="test_all_hotspot_types" time="26.190" /><testcase classname="backend.tests.test_hunt_plan_analyzer.TestHuntPlanAnalyzerEdgeCases" name="test_high_min_score_threshold" time="8.609" /></testsuite></testsuites>