<?xml version="1.0" encoding="utf-8"?><testsuites name="pytest tests"><testsuite name="pytest" errors="0" failures="2" skipped="0" tests="13" time="4.043" timestamp="2026-03-18T20:33:08.066056+00:00" hostname="agent-env-f282fb1a-2e98-48df-aa3f-f2ec2d475e41"><testcase classname="backend.tests.test_iteration_61_anti_regression.TestHealthEndpoints" name="test_api_health" time="0.725" /><testcase classname="backend.tests.test_iteration_61_anti_regression.TestIntelligenceV3APIs" name="test_intelligence_summary" time="0.141" /><testcase classname="backend.tests.test_iteration_61_anti_regression.TestIntelligenceV3APIs" name="test_intelligence_forecast" time="0.152" /><testcase classname="backend.tests.test_iteration_61_anti_regression.TestIntelligenceV3APIs" name="test_intelligence_plan" time="0.161" /><testcase classname="backend.tests.test_iteration_61_anti_regression.TestIntelligenceV3APIs" name="test_intelligence_solunar" time="0.166" /><testcase classname="backend.tests.test_iteration_61_anti_regression.TestIntelligenceV3APIs" name="test_intelligence_guide_pro" time="0.154" /><testcase classname="backend.tests.test_iteration_61_anti_regression.TestIntelligenceV3APIs" name="test_intelligence_scientifique" time="0.169" /><testcase classname="backend.tests.test_iteration_61_anti_regression.TestBCE4XValidation" name="test_engines_registry" time="0.121" /><testcase classname="backend.tests.test_iteration_61_anti_regression.TestBCE4XValidation" name="test_engines_validate_bce4x" time="0.181" /><testcase classname="backend.tests.test_iteration_61_anti_regression.TestNoOldAnalyseEndpoint" name="test_old_analyse_endpoint_removed" time="0.119" /><testcase classname="backend.tests.test_iteration_61_anti_regression.TestNoOldAnalyseEndpoint" name="test_old_v1_analyse_removed" time="0.142" /><testcase classname="backend.tests.test_iteration_61_anti_regression.TestCoreZoneAPIs" name="test_organic_zones_endpoint" time="0.124"><failure message="assert 422 == 200&#10; +  where 422 = &lt;Response [422]&gt;.status_code">backend/tests/test_iteration_61_anti_regression.py:179: in test_organic_zones_endpoint
    assert response.status_code == 200
E   assert 422 == 200
E    +  where 422 = &lt;Response [422]&gt;.status_code</failure></testcase><testcase classname="backend.tests.test_iteration_61_anti_regression.TestCoreZoneAPIs" name="test_corridors_endpoint" time="1.592"><failure message="assert 422 == 200&#10; +  where 422 = &lt;Response [422]&gt;.status_code">backend/tests/test_iteration_61_anti_regression.py:197: in test_corridors_endpoint
    assert response.status_code == 200
E   assert 422 == 200
E    +  where 422 = &lt;Response [422]&gt;.status_code</failure></testcase></testsuite></testsuites>