<?xml version="1.0" encoding="utf-8"?><testsuites name="pytest tests"><testsuite name="pytest" errors="0" failures="0" skipped="0" tests="8" time="3.789" timestamp="2026-03-17T16:37:21.100292+00:00" hostname="agent-env-d263afdf-107a-4df2-a309-2d7397ae47b2"><testcase classname="backend.tests.test_v10_polygons.TestV10ZonePolygons" name="test_api_returns_polygon_geometry_not_points" time="0.658" /><testcase classname="backend.tests.test_v10_polygons.TestV10ZonePolygons" name="test_polygon_has_required_properties" time="0.457" /><testcase classname="backend.tests.test_v10_polygons.TestV10ZonePolygons" name="test_polygon_has_valid_coordinates" time="0.416" /><testcase classname="backend.tests.test_v10_polygons.TestV10ZonePolygons" name="test_corridors_still_linestrings" time="0.437" /><testcase classname="backend.tests.test_v10_polygons.TestV10ZonePolygons" name="test_zone_colors_match_bce4x_palette" time="0.410" /><testcase classname="backend.tests.test_v10_polygons.TestV10ZonePolygons" name="test_corridor_levels_bce4x_compliance" time="0.418" /><testcase classname="backend.tests.test_v10_polygons.TestV10FrontendIntegration" name="test_api_response_structure_for_frontend" time="0.400" /><testcase classname="backend.tests.test_v10_polygons.TestV10FrontendIntegration" name="test_zone_center_coordinates_within_polygon" time="0.471" /></testsuite></testsuites>