<?xml version="1.0" encoding="utf-8"?><testsuites name="pytest tests"><testsuite name="pytest" errors="0" failures="0" skipped="0" tests="8" time="5.955" timestamp="2026-03-17T15:03:58.555660+00:00" hostname="agent-env-73581da5-8b09-4531-ab2f-41a36004d283"><testcase classname="backend.tests.test_v10_corridors_iteration31.TestCorridorsV10API" name="test_corridors_analyze_light" time="0.416" /><testcase classname="backend.tests.test_v10_corridors_iteration31.TestCorridorsV10API" name="test_corridors_analyze_full_with_geojson" time="0.638" /><testcase classname="backend.tests.test_v10_corridors_iteration31.TestCorridorsV10API" name="test_corridors_profiles_endpoint" time="0.177" /><testcase classname="backend.tests.test_v10_corridors_iteration31.TestCorridorsV10API" name="test_corridors_documentation_endpoint" time="0.192" /><testcase classname="backend.tests.test_v10_corridors_iteration31.TestCorridorsV10API" name="test_cor_006_validation" time="2.102" /><testcase classname="backend.tests.test_v10_corridors_iteration31.TestAntiRegressionV1APIs" name="test_alimentation_v1_analyze" time="1.059" /><testcase classname="backend.tests.test_v10_corridors_iteration31.TestAntiRegressionV1APIs" name="test_repos_v1_analyze" time="0.828" /><testcase classname="backend.tests.test_v10_corridors_iteration31.TestDouglasPeuckerSimplification" name="test_simplified_coords_smaller_than_raw" time="0.461" /></testsuite></testsuites>