<?xml version="1.0" encoding="utf-8"?><testsuites name="pytest tests"><testsuite name="pytest" errors="0" failures="0" skipped="0" tests="11" time="2.058" timestamp="2026-03-18T21:06:12.622438+00:00" hostname="agent-env-f282fb1a-2e98-48df-aa3f-f2ec2d475e41"><testcase classname="backend.tests.test_iteration_62_floating_panel.TestBCE4XCompliance" name="test_engines_validate_overall_compliant" time="0.778" /><testcase classname="backend.tests.test_iteration_62_floating_panel.TestIntelligenceAPIs" name="test_intelligence_summary" time="0.123" /><testcase classname="backend.tests.test_iteration_62_floating_panel.TestIntelligenceAPIs" name="test_intelligence_forecast" time="0.151" /><testcase classname="backend.tests.test_iteration_62_floating_panel.TestIntelligenceAPIs" name="test_intelligence_plan" time="0.110" /><testcase classname="backend.tests.test_iteration_62_floating_panel.TestIntelligenceAPIs" name="test_intelligence_solunar" time="0.108" /><testcase classname="backend.tests.test_iteration_62_floating_panel.TestIntelligenceAPIs" name="test_intelligence_guide_pro" time="0.115" /><testcase classname="backend.tests.test_iteration_62_floating_panel.TestEngineRegistry" name="test_engines_registry" time="0.118" /><testcase classname="backend.tests.test_iteration_62_floating_panel.TestEngineRegistry" name="test_engines_score_point" time="0.111" /><testcase classname="backend.tests.test_iteration_62_floating_panel.TestOldAnalyseRemoved" name="test_old_v3_analyse_not_found" time="0.108" /><testcase classname="backend.tests.test_iteration_62_floating_panel.TestOldAnalyseRemoved" name="test_old_v1_analyse_not_found" time="0.123" /><testcase classname="backend.tests.test_iteration_62_floating_panel.TestSpeciesEndpoint" name="test_species_list" time="0.141" /></testsuite></testsuites>