<?xml version="1.0" encoding="utf-8"?><testsuites name="pytest tests"><testsuite name="pytest" errors="0" failures="0" skipped="0" tests="13" time="0.854" timestamp="2026-03-17T21:48:46.956844+00:00" hostname="agent-env-ef5dd950-9845-485b-8a13-a7eee56bc440"><testcase classname="tests.test_bce4x_firewall_organic" name="test_firewall_16_polygons" time="0.629" /><testcase classname="tests.test_bce4x_firewall_organic" name="test_firewall_4_per_type" time="0.000" /><testcase classname="tests.test_bce4x_firewall_organic" name="test_firewall_cluster_size_4" time="0.000" /><testcase classname="tests.test_bce4x_firewall_organic" name="test_firewall_64_centers" time="0.000" /><testcase classname="tests.test_bce4x_firewall_organic" name="test_firewall_min_vertices" time="0.000" /><testcase classname="tests.test_bce4x_firewall_organic" name="test_firewall_contour_closed" time="0.000" /><testcase classname="tests.test_bce4x_firewall_organic" name="test_firewall_zero_spikes" time="0.019" /><testcase classname="tests.test_bce4x_firewall_organic" name="test_firewall_surface_attraction_ratio" time="0.002" /><testcase classname="tests.test_bce4x_firewall_organic" name="test_firewall_polygon_extent_minimum" time="0.002" /><testcase classname="tests.test_bce4x_firewall_organic" name="test_firewall_multi_engine_metadata" time="0.000" /><testcase classname="tests.test_bce4x_firewall_organic" name="test_firewall_7_engines_active" time="0.000" /><testcase classname="tests.test_bce4x_firewall_organic" name="test_firewall_centers_invariance" time="0.000" /><testcase classname="tests.test_bce4x_firewall_organic" name="test_firewall_surface_invariance" time="0.109" /></testsuite></testsuites>