<?xml version="1.0" encoding="utf-8"?><testsuites name="pytest tests"><testsuite name="pytest" errors="0" failures="0" skipped="0" tests="19" time="3.158" timestamp="2026-03-17T17:12:15.583195+00:00" hostname="agent-env-d263afdf-107a-4df2-a309-2d7397ae47b2"><testcase classname="backend.tests.test_v10_organic_polygons.TestV10OrganicPolygons" name="test_returns_64_polygon_features" time="1.071" /><testcase classname="backend.tests.test_v10_organic_polygons.TestV10OrganicPolygons" name="test_no_point_features" time="0.000" /><testcase classname="backend.tests.test_v10_organic_polygons.TestV10OrganicPolygons" name="test_polygon_min_vertex_count_145" time="0.000" /><testcase classname="backend.tests.test_v10_organic_polygons.TestV10OrganicPolygons" name="test_polygon_avg_vertex_count_800_plus" time="0.000" /><testcase classname="backend.tests.test_v10_organic_polygons.TestV10OrganicPolygons" name="test_polygon_max_vertex_count_1000_plus" time="0.000" /><testcase classname="backend.tests.test_v10_organic_polygons.TestV10OrganicPolygons" name="test_no_straight_segments_in_polygons" time="0.001" /><testcase classname="backend.tests.test_v10_organic_polygons.TestV10OrganicPolygons" name="test_polygon_coordinates_smoothly_transition" time="0.001" /><testcase classname="backend.tests.test_v10_organic_polygons.TestV10OrganicPolygons" name="test_all_4_zone_types_present" time="0.000" /><testcase classname="backend.tests.test_v10_organic_polygons.TestV10OrganicPolygons" name="test_zone_colors_match_bce4x_palette" time="0.000" /><testcase classname="backend.tests.test_v10_organic_polygons.TestV10OrganicPolygons" name="test_bce4x_validation_pass" time="0.000" /><testcase classname="backend.tests.test_v10_organic_polygons.TestV10OrganicPolygons" name="test_steeve_max_validation_pass" time="0.000" /><testcase classname="backend.tests.test_v10_organic_polygons.TestV10OrganicPolygons" name="test_polygon_rings_closed" time="0.000" /><testcase classname="backend.tests.test_v10_organic_polygons.TestV10OrganicPolygons" name="test_polygon_has_center_coordinates" time="0.000" /><testcase classname="backend.tests.test_v10_organic_polygons.TestV10OrganicPolygons" name="test_corridors_are_linestrings" time="0.000" /><testcase classname="backend.tests.test_v10_organic_polygons.TestV10OrganicPolygons" name="test_critique_corridors_have_b80000_color" time="0.000" /><testcase classname="backend.tests.test_v10_organic_polygons.TestV10OrganicPolygons" name="test_majeur_corridors_no_pattern" time="0.000" /><testcase classname="backend.tests.test_v10_organic_polygons.TestV10OrganicPolygons" name="test_niveau_distribution_has_all_levels" time="0.000" /><testcase classname="backend.tests.test_v10_organic_polygons.TestV10PerformanceAndSize" name="test_polygon_geographic_extent_400_560m" time="1.012" /><testcase classname="backend.tests.test_v10_organic_polygons.TestV10PerformanceAndSize" name="test_api_response_time_acceptable" time="0.995" /></testsuite></testsuites>