<?xml version="1.0" encoding="utf-8"?><testsuites name="pytest tests"><testsuite name="pytest" errors="0" failures="0" skipped="0" tests="10" time="1.731" timestamp="2026-03-17T20:02:15.212026+00:00" hostname="agent-env-ef5dd950-9845-485b-8a13-a7eee56bc440"><testcase classname="backend.tests.test_v10_transparent_zones.TestV10APIStructure" name="test_api_returns_200" time="1.654" /><testcase classname="backend.tests.test_v10_transparent_zones.TestV10APIStructure" name="test_16_polygon_features_4_per_type" time="0.000" /><testcase classname="backend.tests.test_v10_transparent_zones.TestV10APIStructure" name="test_cluster_size_4_per_polygon" time="0.000" /><testcase classname="backend.tests.test_v10_transparent_zones.TestV10APIStructure" name="test_all_centers_has_4_entries_per_polygon" time="0.000" /><testcase classname="backend.tests.test_v10_transparent_zones.TestV10APIStructure" name="test_64_total_center_points" time="0.000" /><testcase classname="backend.tests.test_v10_transparent_zones.TestV10PolygonGeometry" name="test_high_vertex_counts_catmull_rom_chaikin" time="0.000" /><testcase classname="backend.tests.test_v10_transparent_zones.TestV10PolygonGeometry" name="test_polygon_extent_large_organic" time="0.005" /><testcase classname="backend.tests.test_v10_transparent_zones.TestV10ZoneColors" name="test_zone_colors_correct" time="0.000" /><testcase classname="backend.tests.test_v10_transparent_zones.TestV10EngineVersion" name="test_engine_v10" time="0.000" /><testcase classname="backend.tests.test_v10_transparent_zones.TestV10EngineVersion" name="test_corridor_linestrings_exist" time="0.000" /></testsuite></testsuites>