<?xml version="1.0" encoding="utf-8"?><testsuites name="pytest tests"><testsuite name="pytest" errors="0" failures="0" skipped="0" tests="9" time="2.202" timestamp="2026-03-18T20:16:27.379662+00:00" hostname="agent-env-f282fb1a-2e98-48df-aa3f-f2ec2d475e41"><testcase classname="backend.tests.test_iteration_60_intelligence_dashboard.TestIntelligenceBackendAPIs" name="test_solunar_endpoint" time="0.686" /><testcase classname="backend.tests.test_iteration_60_intelligence_dashboard.TestIntelligenceBackendAPIs" name="test_guide_pro_endpoint" time="0.161" /><testcase classname="backend.tests.test_iteration_60_intelligence_dashboard.TestIntelligenceBackendAPIs" name="test_scientifique_endpoint" time="0.138" /><testcase classname="backend.tests.test_iteration_60_intelligence_dashboard.TestIntelligenceBackendAPIs" name="test_summary_endpoint" time="0.176" /><testcase classname="backend.tests.test_iteration_60_intelligence_dashboard.TestIntelligenceBackendAPIs" name="test_forecast_endpoint" time="0.254" /><testcase classname="backend.tests.test_iteration_60_intelligence_dashboard.TestIntelligenceBackendAPIs" name="test_plan_endpoint" time="0.190" /><testcase classname="backend.tests.test_iteration_60_intelligence_dashboard.TestEnginesRegistry" name="test_engines_registry" time="0.138" /><testcase classname="backend.tests.test_iteration_60_intelligence_dashboard.TestEnginesRegistry" name="test_engines_validate" time="0.223" /><testcase classname="backend.tests.test_iteration_60_intelligence_dashboard.TestHealthAndBasics" name="test_api_health" time="0.142" /></testsuite></testsuites>