<?xml version="1.0" encoding="utf-8"?><testsuites name="pytest tests"><testsuite name="pytest" errors="0" failures="0" skipped="0" tests="10" time="3.801" timestamp="2026-03-19T11:44:38.202673+00:00" hostname="agent-env-f282fb1a-2e98-48df-aa3f-f2ec2d475e41"><testcase classname="backend.tests.test_iteration_63_unification_analytique.TestBackendAPIsIteration63" name="test_engines_validate_overall_compliant" time="2.139" /><testcase classname="backend.tests.test_iteration_63_unification_analytique.TestBackendAPIsIteration63" name="test_intelligence_summary_returns_valid_data" time="0.193" /><testcase classname="backend.tests.test_iteration_63_unification_analytique.TestBackendAPIsIteration63" name="test_intelligence_forecast_returns_12_months" time="0.114" /><testcase classname="backend.tests.test_iteration_63_unification_analytique.TestBackendAPIsIteration63" name="test_intelligence_plan_returns_actions" time="0.107" /><testcase classname="backend.tests.test_iteration_63_unification_analytique.TestBackendAPIsIteration63" name="test_intelligence_solunar_returns_data" time="0.171" /><testcase classname="backend.tests.test_iteration_63_unification_analytique.TestBackendAPIsIteration63" name="test_intelligence_guide_pro_returns_approach_plan" time="0.115" /><testcase classname="backend.tests.test_iteration_63_unification_analytique.TestBackendAPIsIteration63" name="test_engines_registry_returns_manifest" time="0.130" /><testcase classname="backend.tests.test_iteration_63_unification_analytique.TestBackendAPIsIteration63" name="test_engines_score_point_returns_consolidated" time="0.202" /><testcase classname="backend.tests.test_iteration_63_unification_analytique.TestBackendAPIsIteration63" name="test_species_list_returns_canonical" time="0.103" /><testcase classname="backend.tests.test_iteration_63_unification_analytique.TestBackendAPIsIteration63" name="test_old_analyse_endpoints_removed" time="0.384" /></testsuite></testsuites>