<?xml version="1.0" encoding="utf-8"?><testsuites name="pytest tests"><testsuite name="pytest" errors="0" failures="0" skipped="0" tests="8" time="5.886" timestamp="2026-03-17T14:17:10.906477+00:00" hostname="agent-env-73581da5-8b09-4531-ab2f-41a36004d283"><testcase classname="backend.tests.test_v10_corridors_iteration31.TestCorridorsV10API" name="test_corridors_analyze_light" time="0.932" /><testcase classname="backend.tests.test_v10_corridors_iteration31.TestCorridorsV10API" name="test_corridors_analyze_full_with_geojson" time="0.403" /><testcase classname="backend.tests.test_v10_corridors_iteration31.TestCorridorsV10API" name="test_corridors_profiles_endpoint" time="0.149" /><testcase classname="backend.tests.test_v10_corridors_iteration31.TestCorridorsV10API" name="test_corridors_documentation_endpoint" time="0.172" /><testcase classname="backend.tests.test_v10_corridors_iteration31.TestCorridorsV10API" name="test_cor_006_validation" time="2.001" /><testcase classname="backend.tests.test_v10_corridors_iteration31.TestAntiRegressionV1APIs" name="test_alimentation_v1_analyze" time="0.965" /><testcase classname="backend.tests.test_v10_corridors_iteration31.TestAntiRegressionV1APIs" name="test_repos_v1_analyze" time="0.758" /><testcase classname="backend.tests.test_v10_corridors_iteration31.TestDouglasPeuckerSimplification" name="test_simplified_coords_smaller_than_raw" time="0.426" /></testsuite></testsuites>