<?xml version="1.0" encoding="utf-8"?><testsuites name="pytest tests"><testsuite name="pytest" errors="0" failures="0" skipped="0" tests="7" time="6.122" timestamp="2026-03-18T17:14:18.621898+00:00" hostname="agent-env-af2301b1-38bc-4196-8905-5408589fea36"><testcase classname="backend.tests.test_iteration_59_analyse_removal.TestIntelligenceEndpoints" name="test_intelligence_summary" time="4.729" /><testcase classname="backend.tests.test_iteration_59_analyse_removal.TestIntelligenceEndpoints" name="test_intelligence_forecast" time="0.253" /><testcase classname="backend.tests.test_iteration_59_analyse_removal.TestIntelligenceEndpoints" name="test_intelligence_plan" time="0.336" /><testcase classname="backend.tests.test_iteration_59_analyse_removal.TestEngineRegistryNonRegression" name="test_engines_registry_returns_5_engines" time="0.226" /><testcase classname="backend.tests.test_iteration_59_analyse_removal.TestEngineRegistryNonRegression" name="test_engines_validate_overall_compliant" time="0.176" /><testcase classname="backend.tests.test_iteration_59_analyse_removal.TestV1LegacyNonRegression" name="test_v1_score_consolide_point" time="0.168" /><testcase classname="backend.tests.test_iteration_59_analyse_removal.TestBasicConnectivity" name="test_api_health" time="0.160" /></testsuite></testsuites>