<?xml version="1.0" encoding="utf-8"?><testsuites name="pytest tests"><testsuite name="pytest" errors="0" failures="0" skipped="0" tests="9" time="0.605" timestamp="2026-03-17T20:39:52.733724+00:00" hostname="agent-env-ef5dd950-9845-485b-8a13-a7eee56bc440"><testcase classname="tests.test_bce4x_firewall_organic" name="test_firewall_16_polygons" time="0.497" /><testcase classname="tests.test_bce4x_firewall_organic" name="test_firewall_4_per_type" time="0.000" /><testcase classname="tests.test_bce4x_firewall_organic" name="test_firewall_cluster_size_4" time="0.000" /><testcase classname="tests.test_bce4x_firewall_organic" name="test_firewall_64_centers" time="0.000" /><testcase classname="tests.test_bce4x_firewall_organic" name="test_firewall_min_vertices" time="0.000" /><testcase classname="tests.test_bce4x_firewall_organic" name="test_firewall_contour_closed" time="0.000" /><testcase classname="tests.test_bce4x_firewall_organic" name="test_firewall_zero_spikes" time="0.013" /><testcase classname="tests.test_bce4x_firewall_organic" name="test_firewall_surface_attraction_ratio" time="0.001" /><testcase classname="tests.test_bce4x_firewall_organic" name="test_firewall_polygon_extent_minimum" time="0.001" /></testsuite></testsuites>