<?xml version="1.0" encoding="utf-8"?><testsuites name="pytest tests"><testsuite name="pytest" errors="0" failures="0" skipped="0" tests="11" time="12.141" timestamp="2026-03-17T18:33:47.434557+00:00" hostname="agent-env-d263afdf-107a-4df2-a309-2d7397ae47b2"><testcase classname="backend.tests.test_v10_steeve_max_fusion.TestV10SteeveMaxFusion" name="test_api_returns_16_polygon_features" time="1.318" /><testcase classname="backend.tests.test_v10_steeve_max_fusion.TestV10SteeveMaxFusion" name="test_4_polygons_per_zone_type" time="0.985" /><testcase classname="backend.tests.test_v10_steeve_max_fusion.TestV10SteeveMaxFusion" name="test_each_polygon_has_cluster_size_4" time="1.145" /><testcase classname="backend.tests.test_v10_steeve_max_fusion.TestV10SteeveMaxFusion" name="test_each_polygon_has_4_centers_in_all_centers" time="0.886" /><testcase classname="backend.tests.test_v10_steeve_max_fusion.TestV10SteeveMaxFusion" name="test_total_64_center_points_preserved" time="1.183" /><testcase classname="backend.tests.test_v10_steeve_max_fusion.TestV10SteeveMaxFusion" name="test_polygon_high_vertex_count_chaikin_smoothing" time="1.075" /><testcase classname="backend.tests.test_v10_steeve_max_fusion.TestV10SteeveMaxFusion" name="test_zone_polygon_colors" time="1.160" /><testcase classname="backend.tests.test_v10_steeve_max_fusion.TestV10SteeveMaxFusion" name="test_192_corridor_linestring_features" time="0.904" /><testcase classname="backend.tests.test_v10_steeve_max_fusion.TestV10SteeveMaxFusion" name="test_corridor_score_property_exists" time="1.262" /><testcase classname="backend.tests.test_v10_steeve_max_fusion.TestV10SteeveMaxFusion" name="test_engine_version_v10" time="0.870" /><testcase classname="backend.tests.test_v10_steeve_max_fusion.TestV10PolygonExtent" name="test_polygon_extent_large_organic" time="1.176" /></testsuite></testsuites>