<?xml version="1.0" encoding="utf-8"?><testsuites name="pytest tests"><testsuite name="pytest" errors="0" failures="0" skipped="0" tests="31" time="5.060" timestamp="2026-03-18T16:15:53.707063+00:00" hostname="agent-env-af2301b1-38bc-4196-8905-5408589fea36"><testcase classname="tests.test_m1_engine_registry.TestEngineRegistryManifest" name="test_registry_returns_200" time="0.146" /><testcase classname="tests.test_m1_engine_registry.TestEngineRegistryManifest" name="test_registry_has_5_engines" time="0.140" /><testcase classname="tests.test_m1_engine_registry.TestEngineRegistryManifest" name="test_registry_engine_names" time="0.141" /><testcase classname="tests.test_m1_engine_registry.TestEngineRegistryManifest" name="test_registry_engine_metadata" time="0.168" /><testcase classname="tests.test_m1_engine_registry.TestEngineRegistryManifest" name="test_registry_all_engines_support_species" time="0.133" /><testcase classname="tests.test_m1_engine_registry.TestScorePointSpeciesMapping" name="test_chevreuil_direct" time="0.129" /><testcase classname="tests.test_m1_engine_registry.TestScorePointSpeciesMapping" name="test_deer_alias" time="0.123" /><testcase classname="tests.test_m1_engine_registry.TestScorePointSpeciesMapping" name="test_moose_alias" time="0.165" /><testcase classname="tests.test_m1_engine_registry.TestScorePointSpeciesMapping" name="test_cerf_alias" time="0.110" /><testcase classname="tests.test_m1_engine_registry.TestScorePointSpeciesMapping" name="test_ours_noir_alias" time="0.128" /><testcase classname="tests.test_m1_engine_registry.TestScorePointComponents" name="test_score_point_has_5_components" time="0.116" /><testcase classname="tests.test_m1_engine_registry.TestScorePointComponents" name="test_score_range_0_100" time="0.122" /><testcase classname="tests.test_m1_engine_registry.TestScorePointComponents" name="test_pression_v1_returns_score" time="0.114" /><testcase classname="tests.test_m1_engine_registry.TestWeightsNormalization" name="test_weights_sum_to_one_all_engines" time="0.143" /><testcase classname="tests.test_m1_engine_registry.TestWeightsNormalization" name="test_weights_sum_to_one_with_exclusion" time="0.126" /><testcase classname="tests.test_m1_engine_registry.TestExcludeEngines" name="test_exclude_corridors_v10" time="0.126" /><testcase classname="tests.test_m1_engine_registry.TestExcludeEngines" name="test_exclude_multiple_engines" time="0.145" /><testcase classname="tests.test_m1_engine_registry.TestScoreClassification" name="test_classification_labels_present" time="0.114" /><testcase classname="tests.test_m1_engine_registry.TestScoreClassification" name="test_classification_thresholds" time="0.107" /><testcase classname="tests.test_m1_engine_registry.TestTracability" name="test_tracability_fields_present" time="0.118" /><testcase classname="tests.test_m1_engine_registry.TestTracability" name="test_tracability_consolidator_version" time="0.152" /><testcase classname="tests.test_m1_engine_registry.TestScoreGrid" name="test_score_grid_returns_200" time="0.176" /><testcase classname="tests.test_m1_engine_registry.TestScoreGrid" name="test_score_grid_has_points" time="0.136" /><testcase classname="tests.test_m1_engine_registry.TestScoreGrid" name="test_score_grid_has_score_avg" time="0.129" /><testcase classname="tests.test_m1_engine_registry.TestScoreGrid" name="test_score_grid_has_engines_integrated" time="0.144" /><testcase classname="tests.test_m1_engine_registry.TestScoreGrid" name="test_score_grid_point_structure" time="0.177" /><testcase classname="tests.test_m1_engine_registry.TestLegacyNonRegression" name="test_legacy_alimentation_v1_point" time="0.111" /><testcase classname="tests.test_m1_engine_registry.TestLegacyNonRegression" name="test_legacy_repos_v1_point" time="0.118" /><testcase classname="tests.test_m1_engine_registry.TestLegacyNonRegression" name="test_legacy_score_consolide_point" time="0.152" /><testcase classname="tests.test_m1_engine_registry.TestLegacyNonRegression" name="test_legacy_score_consolide_heatmap_with_include_corridors" time="0.130" /><testcase classname="tests.test_m1_engine_registry.TestLegacyNonRegression" name="test_legacy_corridors_v10_analyze_full" time="0.918" /></testsuite></testsuites>