<?xml version="1.0" encoding="utf-8"?><testsuites name="pytest tests"><testsuite name="pytest" errors="0" failures="0" skipped="0" tests="19" time="2.825" timestamp="2026-03-18T16:28:32.743631+00:00" hostname="agent-env-af2301b1-38bc-4196-8905-5408589fea36"><testcase classname="backend.tests.test_m2_bce4x_validation.TestEngineRegistryV3" name="test_registry_returns_5_engines" time="0.575" /><testcase classname="backend.tests.test_m2_bce4x_validation.TestIndividualEngineScore" name="test_individual_engine_score[ALIMENTATION-V1-alimentation]" time="0.113" /><testcase classname="backend.tests.test_m2_bce4x_validation.TestIndividualEngineScore" name="test_individual_engine_score[PRESSION-V1-pression]" time="0.115" /><testcase classname="backend.tests.test_m2_bce4x_validation.TestIndividualEngineScore" name="test_individual_engine_score[REPOS-V1-repos]" time="0.134" /><testcase classname="backend.tests.test_m2_bce4x_validation.TestIndividualEngineScore" name="test_individual_engine_score[CORRIDORS-V10-corridors]" time="0.128" /><testcase classname="backend.tests.test_m2_bce4x_validation.TestIndividualEngineScore" name="test_pression_v1_score_range" time="0.146" /><testcase classname="backend.tests.test_m2_bce4x_validation.TestIndividualEngineScore" name="test_corridors_species_resolution" time="0.126" /><testcase classname="backend.tests.test_m2_bce4x_validation.TestIndividualEngineScore" name="test_nonexistent_engine_returns_error" time="0.110" /><testcase classname="backend.tests.test_m2_bce4x_validation.TestBCE4XValidationEndpoint" name="test_validate_endpoint_structure" time="0.135" /><testcase classname="backend.tests.test_m2_bce4x_validation.TestBCE4XValidationEndpoint" name="test_validate_bce4x_passes" time="0.182" /><testcase classname="backend.tests.test_m2_bce4x_validation.TestBCE4XValidationEndpoint" name="test_validate_steeve_max_passes" time="0.135" /><testcase classname="backend.tests.test_m2_bce4x_validation.TestM1RegressionChecks" name="test_score_point_with_exclude" time="0.125" /><testcase classname="backend.tests.test_m2_bce4x_validation.TestM1RegressionChecks" name="test_score_grid_still_works" time="0.134" /><testcase classname="backend.tests.test_m2_bce4x_validation.TestNonRegressionV1V10" name="test_alimentation_v1_point" time="0.123" /><testcase classname="backend.tests.test_m2_bce4x_validation.TestNonRegressionV1V10" name="test_repos_v1_point" time="0.115" /><testcase classname="backend.tests.test_m2_bce4x_validation.TestNonRegressionV1V10" name="test_score_consolide_point" time="0.159" /><testcase classname="backend.tests.test_m2_bce4x_validation.TestNonRegressionV1V10" name="test_score_consolide_heatmap" time="0.131" /><testcase classname="backend.tests.test_m2_bce4x_validation.TestConfigFiles" name="test_bce4x_toml_species_canonical" time="0.031" /><testcase classname="backend.tests.test_m2_bce4x_validation.TestConfigFiles" name="test_steevemax_toml_exists" time="0.000" /></testsuite></testsuites>