<?xml version="1.0" encoding="utf-8"?><testsuites name="pytest tests"><testsuite name="pytest" errors="0" failures="0" skipped="0" tests="18" time="3.554" timestamp="2026-03-18T16:50:20.298367+00:00" hostname="agent-env-af2301b1-38bc-4196-8905-5408589fea36"><testcase classname="backend.tests.test_m3_m4_api_gateway_intelligence.TestIntelligenceEndpoints" name="test_intelligence_summary_returns_correct_type" time="0.175" /><testcase classname="backend.tests.test_m3_m4_api_gateway_intelligence.TestIntelligenceEndpoints" name="test_intelligence_summary_has_consolidated_score" time="0.166" /><testcase classname="backend.tests.test_m3_m4_api_gateway_intelligence.TestIntelligenceEndpoints" name="test_intelligence_summary_has_domains" time="0.374" /><testcase classname="backend.tests.test_m3_m4_api_gateway_intelligence.TestIntelligenceEndpoints" name="test_intelligence_summary_has_analysis" time="0.354" /><testcase classname="backend.tests.test_m3_m4_api_gateway_intelligence.TestIntelligenceEndpoints" name="test_intelligence_summary_has_recommendations" time="0.159" /><testcase classname="backend.tests.test_m3_m4_api_gateway_intelligence.TestIntelligenceEndpoints" name="test_intelligence_forecast_returns_correct_type" time="0.141" /><testcase classname="backend.tests.test_m3_m4_api_gateway_intelligence.TestIntelligenceEndpoints" name="test_intelligence_forecast_has_12_months" time="0.209" /><testcase classname="backend.tests.test_m3_m4_api_gateway_intelligence.TestIntelligenceEndpoints" name="test_intelligence_forecast_has_seasonal_scores" time="0.160" /><testcase classname="backend.tests.test_m3_m4_api_gateway_intelligence.TestIntelligenceEndpoints" name="test_intelligence_forecast_has_best_worst_month" time="0.233" /><testcase classname="backend.tests.test_m3_m4_api_gateway_intelligence.TestIntelligenceEndpoints" name="test_intelligence_plan_returns_correct_type" time="0.166" /><testcase classname="backend.tests.test_m3_m4_api_gateway_intelligence.TestIntelligenceEndpoints" name="test_intelligence_plan_has_ranked_actions" time="0.175" /><testcase classname="backend.tests.test_m3_m4_api_gateway_intelligence.TestIntelligenceEndpoints" name="test_intelligence_plan_has_critical_count" time="0.182" /><testcase classname="backend.tests.test_m3_m4_api_gateway_intelligence.TestM1M2RegressionEndpoints" name="test_engines_registry_returns_5_engines" time="0.137" /><testcase classname="backend.tests.test_m3_m4_api_gateway_intelligence.TestM1M2RegressionEndpoints" name="test_engines_validate_returns_overall_compliant" time="0.178" /><testcase classname="backend.tests.test_m3_m4_api_gateway_intelligence.TestM1M2RegressionEndpoints" name="test_individual_engine_score_pression" time="0.139" /><testcase classname="backend.tests.test_m3_m4_api_gateway_intelligence.TestM1M2RegressionEndpoints" name="test_species_endpoint_returns_5_canonical" time="0.204" /><testcase classname="backend.tests.test_m3_m4_api_gateway_intelligence.TestV1NonRegressionEndpoints" name="test_v1_score_consolide_point_works" time="0.147" /><testcase classname="backend.tests.test_m3_m4_api_gateway_intelligence.TestV1NonRegressionEndpoints" name="test_v1_alimentation_point_works" time="0.154" /></testsuite></testsuites>