<?xml version="1.0" encoding="utf-8"?><testsuites name="pytest tests"><testsuite name="pytest" errors="0" failures="0" skipped="1" tests="25" time="274.863" timestamp="2026-02-22T13:14:00.374418+00:00" hostname="agent-env-62a8809b-ca77-42a3-87ed-c34027304e2b"><testcase classname="tests.test_p1_hotspots_osm_cache.TestOSMCacheLoading" name="test_osm_cache_directory_exists" time="0.000" /><testcase classname="tests.test_p1_hotspots_osm_cache.TestOSMCacheLoading" name="test_ca_qc_cache_file_exists" time="0.000" /><testcase classname="tests.test_p1_hotspots_osm_cache.TestOSMCacheLoading" name="test_ca_qc_cache_has_exclusion_zones" time="0.153" /><testcase classname="tests.test_p1_hotspots_osm_cache.TestOSMCacheLoading" name="test_ca_qc_cache_has_water_zones" time="0.154" /><testcase classname="tests.test_p1_hotspots_osm_cache.TestHotspotAPIWithOSMCache" name="test_api_returns_hotspots_for_quebec" time="12.487" /><testcase classname="tests.test_p1_hotspots_osm_cache.TestHotspotAPIWithOSMCache" name="test_metadata_confirms_marching_squares_chaikin" time="12.560" /><testcase classname="tests.test_p1_hotspots_osm_cache.TestHotspotAPIWithOSMCache" name="test_hotspots_avoid_st_lawrence_river" time="20.176" /><testcase classname="tests.test_p1_hotspots_osm_cache.TestHotspotStyleCompliance" name="test_stroke_width_approximately_1_5px" time="12.540" /><testcase classname="tests.test_p1_hotspots_osm_cache.TestHotspotStyleCompliance" name="test_fill_opacity_is_zero" time="12.484" /><testcase classname="tests.test_p1_hotspots_osm_cache.TestHotspotAreaSpecification" name="test_hotspot_area_within_specification" time="12.366" /><testcase classname="tests.test_p1_hotspots_organic_v3.TestHotspotOrganicShapeV3" name="test_hotspot_shape_is_organic_not_circular" time="12.398" /><testcase classname="tests.test_p1_hotspots_organic_v3.TestHotspotOrganicShapeV3" name="test_multiple_hotspots_all_organic" time="8.792" /><testcase classname="tests.test_p1_hotspots_organic_v3.TestHotspotAreaV3" name="test_hotspot_area_in_range_5000_10000_moose" time="12.588" /><testcase classname="tests.test_p1_hotspots_organic_v3.TestHotspotAreaV3" name="test_hotspot_area_in_range_deer" time="0.134"><skipped type="pytest.skip" message="No deer hotspots generated">/app/backend/tests/test_p1_hotspots_organic_v3.py:190: No deer hotspots generated</skipped></testcase><testcase classname="tests.test_p1_hotspots_organic_v3.TestHotspotAreaV3" name="test_multiple_hotspots_area_range" time="3.999" /><testcase classname="tests.test_p1_hotspots_organic_v3.TestHotspotChaikinSmoothingV3" name="test_hotspot_has_30_plus_points" time="12.375" /><testcase classname="tests.test_p1_hotspots_organic_v3.TestHotspotChaikinSmoothingV3" name="test_contours_are_smooth_closed_polygons" time="12.391" /><testcase classname="tests.test_p1_hotspots_organic_v3.TestHotspotTransparentCenterV3" name="test_hotspot_fill_opacity_zero" time="12.405" /><testcase classname="tests.test_p1_hotspots_organic_v3.TestHotspotTransparentCenterV3" name="test_all_hotspots_transparent_center" time="32.199" /><testcase classname="tests.test_p1_hotspots_organic_v3.TestHotspotSpeciesColorsV3" name="test_moose_color_orange" time="12.412" /><testcase classname="tests.test_p1_hotspots_organic_v3.TestHotspotSpeciesColorsV3" name="test_deer_color_brown" time="26.320" /><testcase classname="tests.test_p1_hotspots_organic_v3.TestHotspotSpeciesColorsV3" name="test_stroke_width_thin" time="12.352" /><testcase classname="tests.test_p1_hotspots_organic_v3.TestOSMCacheServiceV3" name="test_osm_cache_directory_exists" time="12.363" /><testcase classname="tests.test_p1_hotspots_organic_v3.TestHotspotDefaultThresholdV3" name="test_threshold_50_returns_results" time="8.727" /><testcase classname="tests.test_p1_hotspots_organic_v3.TestHotspotMetadataV3" name="test_metadata_has_v3_indicators" time="12.413" /></testsuite></testsuites>