<?xml version="1.0" encoding="utf-8"?><testsuites name="pytest tests"><testsuite name="pytest" errors="0" failures="0" skipped="1" tests="15" time="16.294" timestamp="2026-02-22T11:54:43.918773+00:00" hostname="agent-env-30186afb-2b45-4b96-acfc-6331be1c4c78"><testcase classname="backend.tests.test_p1_hotspots_organic_v3.TestHotspotOrganicShapeV3" name="test_hotspot_shape_is_organic_not_circular" time="1.054" /><testcase classname="backend.tests.test_p1_hotspots_organic_v3.TestHotspotOrganicShapeV3" name="test_multiple_hotspots_all_organic" time="1.464" /><testcase classname="backend.tests.test_p1_hotspots_organic_v3.TestHotspotAreaV3" name="test_hotspot_area_in_range_5000_10000_moose" time="0.857" /><testcase classname="backend.tests.test_p1_hotspots_organic_v3.TestHotspotAreaV3" name="test_hotspot_area_in_range_deer" time="0.100"><skipped type="pytest.skip" message="No deer hotspots generated">/app/backend/tests/test_p1_hotspots_organic_v3.py:190: No deer hotspots generated</skipped></testcase><testcase classname="backend.tests.test_p1_hotspots_organic_v3.TestHotspotAreaV3" name="test_multiple_hotspots_area_range" time="0.827" /><testcase classname="backend.tests.test_p1_hotspots_organic_v3.TestHotspotChaikinSmoothingV3" name="test_hotspot_has_30_plus_points" time="0.901" /><testcase classname="backend.tests.test_p1_hotspots_organic_v3.TestHotspotChaikinSmoothingV3" name="test_contours_are_smooth_closed_polygons" time="0.905" /><testcase classname="backend.tests.test_p1_hotspots_organic_v3.TestHotspotTransparentCenterV3" name="test_hotspot_fill_opacity_zero" time="0.847" /><testcase classname="backend.tests.test_p1_hotspots_organic_v3.TestHotspotTransparentCenterV3" name="test_all_hotspots_transparent_center" time="3.305" /><testcase classname="backend.tests.test_p1_hotspots_organic_v3.TestHotspotSpeciesColorsV3" name="test_moose_color_orange" time="0.879" /><testcase classname="backend.tests.test_p1_hotspots_organic_v3.TestHotspotSpeciesColorsV3" name="test_deer_color_brown" time="0.981" /><testcase classname="backend.tests.test_p1_hotspots_organic_v3.TestHotspotSpeciesColorsV3" name="test_stroke_width_thin" time="0.848" /><testcase classname="backend.tests.test_p1_hotspots_organic_v3.TestOSMCacheServiceV3" name="test_osm_cache_directory_exists" time="0.853" /><testcase classname="backend.tests.test_p1_hotspots_organic_v3.TestHotspotDefaultThresholdV3" name="test_threshold_50_returns_results" time="1.521" /><testcase classname="backend.tests.test_p1_hotspots_organic_v3.TestHotspotMetadataV3" name="test_metadata_has_v3_indicators" time="0.875" /></testsuite></testsuites>