<?xml version="1.0" encoding="utf-8"?><testsuites name="pytest tests"><testsuite name="pytest" errors="0" failures="0" skipped="0" tests="20" time="4.057" timestamp="2026-02-22T00:12:21.598764+00:00" hostname="agent-env-30186afb-2b45-4b96-acfc-6331be1c4c78"><testcase classname="backend.tests.test_p1_hotspots_api.TestP1HotspotsMapStatus" name="test_map_status_returns_200" time="0.206" /><testcase classname="backend.tests.test_p1_hotspots_api.TestP1HotspotsMapStatus" name="test_map_status_module_info" time="0.126" /><testcase classname="backend.tests.test_p1_hotspots_api.TestP1HotspotsMapStatus" name="test_map_status_endpoints_list" time="0.196" /><testcase classname="backend.tests.test_p1_hotspots_api.TestP1HotspotsMapStatus" name="test_map_status_visual_spec" time="0.116" /><testcase classname="backend.tests.test_p1_hotspots_api.TestP1HotspotsEndpoint" name="test_hotspots_returns_200" time="0.184" /><testcase classname="backend.tests.test_p1_hotspots_api.TestP1HotspotsEndpoint" name="test_hotspots_success_response" time="0.193" /><testcase classname="backend.tests.test_p1_hotspots_api.TestP1HotspotsEndpoint" name="test_hotspots_geojson_geometry" time="0.343" /><testcase classname="backend.tests.test_p1_hotspots_api.TestP1HotspotsEndpoint" name="test_hotspots_style_transparent_fill" time="0.210" /><testcase classname="backend.tests.test_p1_hotspots_api.TestP1HotspotsEndpoint" name="test_hotspots_metadata" time="0.191" /><testcase classname="backend.tests.test_p1_hotspots_api.TestP1ZonesEndpoint" name="test_zones_returns_200" time="0.110" /><testcase classname="backend.tests.test_p1_hotspots_api.TestP1ZonesEndpoint" name="test_zones_success_response" time="0.562" /><testcase classname="backend.tests.test_p1_hotspots_api.TestP1ZonesEndpoint" name="test_zones_geojson_geometry" time="0.117" /><testcase classname="backend.tests.test_p1_hotspots_api.TestP1ZonesEndpoint" name="test_zones_behavior_context" time="0.115" /><testcase classname="backend.tests.test_p1_hotspots_api.TestP1CorridorsEndpoint" name="test_corridors_returns_200" time="0.129" /><testcase classname="backend.tests.test_p1_hotspots_api.TestP1CorridorsEndpoint" name="test_corridors_success_response" time="0.127" /><testcase classname="backend.tests.test_p1_hotspots_api.TestP1CorridorsEndpoint" name="test_corridors_geojson_linestring" time="0.135" /><testcase classname="backend.tests.test_p1_hotspots_api.TestP1CorridorsEndpoint" name="test_corridors_movement_context" time="0.122" /><testcase classname="backend.tests.test_p1_hotspots_api.TestP1HotspotsEdgeCases" name="test_hotspots_invalid_bounds" time="0.165" /><testcase classname="backend.tests.test_p1_hotspots_api.TestP1HotspotsEdgeCases" name="test_hotspots_all_types" time="0.501" /><testcase classname="backend.tests.test_p1_hotspots_api.TestP1HotspotsEdgeCases" name="test_zones_all_types" time="0.127" /></testsuite></testsuites>