<?xml version="1.0" encoding="utf-8"?><testsuites name="pytest tests"><testsuite name="pytest" errors="0" failures="0" skipped="0" tests="10" time="2.591" timestamp="2026-02-22T01:20:59.012420+00:00" hostname="agent-env-30186afb-2b45-4b96-acfc-6331be1c4c78"><testcase classname="backend.tests.test_p1_hotspots_refonte.TestHotspotCircularShape" name="test_hotspot_area_in_range_moose" time="0.363" /><testcase classname="backend.tests.test_p1_hotspots_refonte.TestHotspotCircularShape" name="test_hotspot_area_in_range_deer" time="0.124" /><testcase classname="backend.tests.test_p1_hotspots_refonte.TestHotspotChaikinSmoothing" name="test_hotspot_has_100_plus_points" time="0.307" /><testcase classname="backend.tests.test_p1_hotspots_refonte.TestHotspotChaikinSmoothing" name="test_multiple_hotspots_have_smooth_contours" time="0.235" /><testcase classname="backend.tests.test_p1_hotspots_refonte.TestHotspotTransparentCenter" name="test_hotspot_fill_opacity_zero" time="0.297" /><testcase classname="backend.tests.test_p1_hotspots_refonte.TestHotspotTransparentCenter" name="test_all_hotspots_transparent_center" time="0.229" /><testcase classname="backend.tests.test_p1_hotspots_refonte.TestHotspotSpeciesColors" name="test_moose_color" time="0.198" /><testcase classname="backend.tests.test_p1_hotspots_refonte.TestHotspotSpeciesColors" name="test_deer_color" time="0.367" /><testcase classname="backend.tests.test_p1_hotspots_refonte.TestHotspotSpeciesColors" name="test_contour_width_thin" time="0.216" /><testcase classname="backend.tests.test_p1_hotspots_refonte.TestHotspotIntegration" name="test_full_hotspot_workflow" time="0.188" /></testsuite></testsuites>