<?xml version="1.0" encoding="utf-8"?><testsuites name="pytest tests"><testsuite name="pytest" errors="0" failures="0" skipped="1" tests="15" time="195.715" timestamp="2026-02-22T13:07:46.320482+00:00" hostname="agent-env-62a8809b-ca77-42a3-87ed-c34027304e2b"><testcase classname="tests.test_p1_hotspots_organic_v3.TestHotspotOrganicShapeV3" name="test_hotspot_shape_is_organic_not_circular" time="12.745" /><testcase classname="tests.test_p1_hotspots_organic_v3.TestHotspotOrganicShapeV3" name="test_multiple_hotspots_all_organic" time="8.881" /><testcase classname="tests.test_p1_hotspots_organic_v3.TestHotspotAreaV3" name="test_hotspot_area_in_range_5000_10000_moose" time="12.666" /><testcase classname="tests.test_p1_hotspots_organic_v3.TestHotspotAreaV3" name="test_hotspot_area_in_range_deer" time="0.183"><skipped type="pytest.skip" message="No deer hotspots generated">/app/backend/tests/test_p1_hotspots_organic_v3.py:190: No deer hotspots generated</skipped></testcase><testcase classname="tests.test_p1_hotspots_organic_v3.TestHotspotAreaV3" name="test_multiple_hotspots_area_range" time="4.053" /><testcase classname="tests.test_p1_hotspots_organic_v3.TestHotspotChaikinSmoothingV3" name="test_hotspot_has_30_plus_points" time="12.701" /><testcase classname="tests.test_p1_hotspots_organic_v3.TestHotspotChaikinSmoothingV3" name="test_contours_are_smooth_closed_polygons" time="12.785" /><testcase classname="tests.test_p1_hotspots_organic_v3.TestHotspotTransparentCenterV3" name="test_hotspot_fill_opacity_zero" time="12.650" /><testcase classname="tests.test_p1_hotspots_organic_v3.TestHotspotTransparentCenterV3" name="test_all_hotspots_transparent_center" time="33.055" /><testcase classname="tests.test_p1_hotspots_organic_v3.TestHotspotSpeciesColorsV3" name="test_moose_color_orange" time="12.692" /><testcase classname="tests.test_p1_hotspots_organic_v3.TestHotspotSpeciesColorsV3" name="test_deer_color_brown" time="26.907" /><testcase classname="tests.test_p1_hotspots_organic_v3.TestHotspotSpeciesColorsV3" name="test_stroke_width_thin" time="12.528" /><testcase classname="tests.test_p1_hotspots_organic_v3.TestOSMCacheServiceV3" name="test_osm_cache_directory_exists" time="12.479" /><testcase classname="tests.test_p1_hotspots_organic_v3.TestHotspotDefaultThresholdV3" name="test_threshold_50_returns_results" time="8.810" /><testcase classname="tests.test_p1_hotspots_organic_v3.TestHotspotMetadataV3" name="test_metadata_has_v3_indicators" time="12.507" /></testsuite></testsuites>