<?xml version="1.0" encoding="utf-8"?><testsuites name="pytest tests"><testsuite name="pytest" errors="0" failures="0" skipped="0" tests="20" time="3.419" timestamp="2026-03-13T02:53:26.174258+00:00" hostname="agent-env-5064447e-df31-4949-86aa-194356ad8762"><testcase classname="tests.test_steve_max_plus_engines_v3.TestBionicV3EngineStatus" name="test_v3_status_returns_27_engines" time="0.790" /><testcase classname="tests.test_steve_max_plus_engines_v3.TestBionicV3EngineStatus" name="test_v3_status_engines_have_required_fields" time="0.117" /><testcase classname="tests.test_steve_max_plus_engines_v3.TestBionicV3EngineStatus" name="test_v3_status_v2_engines" time="0.103" /><testcase classname="tests.test_steve_max_plus_engines_v3.TestBionicV3EngineStatus" name="test_v3_status_v3_engines" time="0.127" /><testcase classname="tests.test_steve_max_plus_engines_v3.TestBionicV3EngineStatus" name="test_v3_status_ai_engines" time="0.116" /><testcase classname="tests.test_steve_max_plus_engines_v3.TestBionicV3Compute" name="test_compute_returns_success" time="0.159" /><testcase classname="tests.test_steve_max_plus_engines_v3.TestBionicV3Compute" name="test_compute_returns_27_engine_scores" time="0.111" /><testcase classname="tests.test_steve_max_plus_engines_v3.TestBionicV3Compute" name="test_compute_returns_species_scores" time="0.165" /><testcase classname="tests.test_steve_max_plus_engines_v3.TestBionicV3Compute" name="test_compute_returns_final_score" time="0.110" /><testcase classname="tests.test_steve_max_plus_engines_v3.TestBionicV3SpeciesEndpoints" name="test_species_moose_returns_score" time="0.117" /><testcase classname="tests.test_steve_max_plus_engines_v3.TestBionicV3SpeciesEndpoints" name="test_species_deer_returns_score" time="0.119" /><testcase classname="tests.test_steve_max_plus_engines_v3.TestBionicV3SpeciesEndpoints" name="test_species_bear_returns_score" time="0.115" /><testcase classname="tests.test_steve_max_plus_engines_v3.TestBionicV3SpeciesEndpoints" name="test_species_scores_are_differentiated" time="0.367" /><testcase classname="tests.test_steve_max_plus_engines_v3.TestBionicV3SpeciesEndpoints" name="test_invalid_species_returns_error" time="0.113" /><testcase classname="tests.test_steve_max_plus_engines_v3.TestBionicV3Predictions" name="test_predictions_returns_all_species" time="0.135" /><testcase classname="tests.test_steve_max_plus_engines_v3.TestBionicV3Predictions" name="test_predictions_have_time_horizons" time="0.105" /><testcase classname="tests.test_steve_max_plus_engines_v3.TestBionicV3Predictions" name="test_predictions_show_decay" time="0.130" /><testcase classname="tests.test_steve_max_plus_engines_v3.TestBionicV3BCECompliance" name="test_bce_compliance_in_v3_compute" time="0.107" /><testcase classname="tests.test_steve_max_plus_engines_v3.TestBionicV3BCECompliance" name="test_corridor_continuity_engine" time="0.105" /><testcase classname="tests.test_steve_max_plus_engines_v3.TestBionicV2Backward" name="test_v2_status_still_works" time="0.118" /></testsuite></testsuites>