<?xml version="1.0" encoding="utf-8"?><testsuites name="pytest tests"><testsuite name="pytest" errors="0" failures="0" skipped="0" tests="11" time="1.429" timestamp="2026-03-12T23:45:41.534896+00:00" hostname="agent-env-0095abf8-2298-42ab-88a1-52413db353c4"><testcase classname="backend.tests.test_steve_max_geometry.TestSteveMaxGeometry" name="test_01_health_check" time="0.134" /><testcase classname="backend.tests.test_steve_max_geometry.TestSteveMaxGeometry" name="test_02_organic_zones_returns_corridors_with_bands" time="0.171" /><testcase classname="backend.tests.test_steve_max_geometry.TestSteveMaxGeometry" name="test_03_all_band_coordinates_within_2km_box" time="0.001" /><testcase classname="backend.tests.test_steve_max_geometry.TestSteveMaxGeometry" name="test_04_band_widths_respect_40_percent_reduction" time="0.000" /><testcase classname="backend.tests.test_steve_max_geometry.TestSteveMaxGeometry" name="test_05_corridors_have_5_band_levels" time="0.000" /><testcase classname="backend.tests.test_steve_max_geometry.TestSteveMaxGeometry" name="test_06_frontend_filter_properties" time="0.000" /><testcase classname="backend.tests.test_steve_max_geometry.TestBCEValidators" name="test_07_validate_geometry_compliance" time="0.123" /><testcase classname="backend.tests.test_steve_max_geometry.TestBCEValidators" name="test_08_validate_color_contract" time="0.132" /><testcase classname="backend.tests.test_steve_max_geometry.TestBCEValidators" name="test_09_validate_corridors_runtime_geom_004_005" time="0.497" /><testcase classname="backend.tests.test_steve_max_geometry.TestPipelineOrder" name="test_10_corridors_v9_pipeline_order" time="0.106" /><testcase classname="backend.tests.test_steve_max_geometry.TestBandWidthDetails" name="test_11_band_width_detailed_check" time="0.204" /></testsuite></testsuites>