<?xml version="1.0" encoding="utf-8"?><testsuites name="pytest tests"><testsuite name="pytest" errors="0" failures="0" skipped="0" tests="18" time="2.439" timestamp="2026-03-13T01:49:39.555704+00:00" hostname="agent-env-5064447e-df31-4949-86aa-194356ad8762"><testcase classname="backend.tests.test_steve_max_plus_engines_v2.TestEnginesV2Status" name="test_engines_v2_status_returns_12_engines" time="0.146" /><testcase classname="backend.tests.test_steve_max_plus_engines_v2.TestEnginesV2Status" name="test_engines_v2_status_all_active" time="0.118" /><testcase classname="backend.tests.test_steve_max_plus_engines_v2.TestEnginesV2Status" name="test_engines_v2_status_has_all_expected_ids" time="0.159" /><testcase classname="backend.tests.test_steve_max_plus_engines_v2.TestEnginesV2Compute" name="test_engines_v2_compute_returns_12_scores" time="0.112" /><testcase classname="backend.tests.test_steve_max_plus_engines_v2.TestEnginesV2Compute" name="test_engines_v2_compute_all_scores_valid" time="0.125" /><testcase classname="backend.tests.test_steve_max_plus_engines_v2.TestEnginesV2Compute" name="test_engines_v2_compute_has_average_score" time="0.114" /><testcase classname="backend.tests.test_steve_max_plus_engines_v2.TestBCECorridorContinuity" name="test_corridor_continuity_empty_corridors" time="0.117" /><testcase classname="backend.tests.test_steve_max_plus_engines_v2.TestBCECorridorContinuity" name="test_corridor_continuity_with_corridors" time="0.104" /><testcase classname="backend.tests.test_steve_max_plus_engines_v2.TestBCEVisualBalance" name="test_visual_balance_empty_corridors" time="0.123" /><testcase classname="backend.tests.test_steve_max_plus_engines_v2.TestBCEVisualBalance" name="test_visual_balance_with_valid_bands" time="0.112" /><testcase classname="backend.tests.test_steve_max_plus_engines_v2.TestOrganicZonesWithContinuity" name="test_organic_zones_returns_corridors" time="0.839" /><testcase classname="backend.tests.test_steve_max_plus_engines_v2.TestBandRatioLimits" name="test_band_ratio_constants" time="0.168" /><testcase classname="backend.tests.test_steve_max_plus_engines_v2.TestBandRatioLimits" name="test_band_colors_fill_opacity" time="0.000" /><testcase classname="backend.tests.test_steve_max_plus_engines_v2.TestWindLogicRemoved" name="test_no_wind_penalty_function" time="0.001" /><testcase classname="backend.tests.test_steve_max_plus_engines_v2.TestWindLogicRemoved" name="test_hunting_path_no_wind_in_tsp" time="0.004" /><testcase classname="backend.tests.test_steve_max_plus_engines_v2.TestCorridorNetworkContinuityIntegration" name="test_continuity_function_exists" time="0.000" /><testcase classname="backend.tests.test_steve_max_plus_engines_v2.TestCorridorNetworkContinuityIntegration" name="test_continuity_function_returns_corridors" time="0.003" /><testcase classname="backend.tests.test_steve_max_plus_engines_v2.TestBackendHealth" name="test_backend_healthy" time="0.103" /></testsuite></testsuites>