<?xml version="1.0" encoding="utf-8"?><testsuites name="pytest tests"><testsuite name="pytest" errors="0" failures="0" skipped="0" tests="20" time="3.066" timestamp="2026-03-13T02:13:10.479905+00:00" hostname="agent-env-5064447e-df31-4949-86aa-194356ad8762"><testcase classname="backend.tests.test_steve_max_iteration_14.TestBandRatioWidening" name="test_band_ratio_gris_max_26m" time="0.001" /><testcase classname="backend.tests.test_steve_max_iteration_14.TestBandRatioWidening" name="test_band_ratio_jaune_max_17m" time="0.000" /><testcase classname="backend.tests.test_steve_max_iteration_14.TestBandRatioWidening" name="test_band_ratio_orange_max_11m" time="0.000" /><testcase classname="backend.tests.test_steve_max_iteration_14.TestBandRatioWidening" name="test_band_ratio_rouge_max_6m" time="0.000" /><testcase classname="backend.tests.test_steve_max_iteration_14.TestBandRatioWidening" name="test_band_ratio_rouge_raye_max_4m" time="0.000" /><testcase classname="backend.tests.test_steve_max_iteration_14.TestGeometryComplianceValidator" name="test_normative_max_widths_updated" time="0.000" /><testcase classname="backend.tests.test_steve_max_iteration_14.TestGeometryComplianceValidator" name="test_geom_005_api_returns_pass" time="1.089" /><testcase classname="backend.tests.test_steve_max_iteration_14.TestCorridorContinuityValidation" name="test_cor_006_empty_corridors_pass" time="0.175" /><testcase classname="backend.tests.test_steve_max_iteration_14.TestCorridorContinuityValidation" name="test_cor_006_with_connected_corridors" time="0.121" /><testcase classname="backend.tests.test_steve_max_iteration_14.TestVisualBalanceValidation" name="test_vis_007_empty_corridors_pass" time="0.114" /><testcase classname="backend.tests.test_steve_max_iteration_14.TestVisualBalanceValidation" name="test_vis_007_validates_band_limits" time="0.106" /><testcase classname="backend.tests.test_steve_max_iteration_14.TestColorHarmonization" name="test_zone_normative_colors_in_map" time="0.002" /><testcase classname="backend.tests.test_steve_max_iteration_14.TestColorHarmonization" name="test_layer_types_in_panel" time="0.001" /><testcase classname="backend.tests.test_steve_max_iteration_14.TestColorHarmonization" name="test_bionic_modules_in_core" time="0.001" /><testcase classname="backend.tests.test_steve_max_iteration_14.TestBionicEngineHub" name="test_engines_v2_status_returns_12" time="0.120" /><testcase classname="backend.tests.test_steve_max_iteration_14.TestBionicEngineHub" name="test_engines_v2_all_active" time="0.117" /><testcase classname="backend.tests.test_steve_max_iteration_14.TestCorridorContinuityPipeline" name="test_ensure_corridor_network_continuity_exists" time="0.000" /><testcase classname="backend.tests.test_steve_max_iteration_14.TestCorridorContinuityPipeline" name="test_continuity_in_zone_engine_core_v2" time="0.000" /><testcase classname="backend.tests.test_steve_max_iteration_14.TestOrganicZonesEndpoint" name="test_organic_zones_returns_corridors_with_bands" time="0.956" /><testcase classname="backend.tests.test_steve_max_iteration_14.TestBackendHealth" name="test_backend_healthy" time="0.178" /></testsuite></testsuites>