<?xml version="1.0" encoding="utf-8"?><testsuites name="pytest tests"><testsuite name="pytest" errors="0" failures="0" skipped="0" tests="12" time="9.365" timestamp="2026-03-13T00:56:28.136462+00:00" hostname="agent-env-0095abf8-2298-42ab-88a1-52413db353c4"><testcase classname="backend.tests.test_steve_max_hunting_path.TestHealthAndBasics" name="test_01_backend_health" time="0.185" /><testcase classname="backend.tests.test_steve_max_hunting_path.TestOrganicZonesAndCorridors" name="test_02_organic_zones_returns_corridors" time="4.930" /><testcase classname="backend.tests.test_steve_max_hunting_path.TestOrganicZonesAndCorridors" name="test_03_p0_corridor_continuity_valid" time="0.000" /><testcase classname="backend.tests.test_steve_max_hunting_path.TestOrganicZonesAndCorridors" name="test_04_p0_corridor_densified" time="0.000" /><testcase classname="backend.tests.test_steve_max_hunting_path.TestOrganicZonesAndCorridors" name="test_05_p1_band_fill_opacity_limits" time="0.000" /><testcase classname="backend.tests.test_steve_max_hunting_path.TestOrganicZonesAndCorridors" name="test_06_p1_band_max_widths" time="0.000" /><testcase classname="backend.tests.test_steve_max_hunting_path.TestZoneLegend" name="test_07_p2_zone_types_count" time="1.841" /><testcase classname="backend.tests.test_steve_max_hunting_path.TestHuntingPath" name="test_08_p3_hunting_path_endpoint" time="1.531" /><testcase classname="backend.tests.test_steve_max_hunting_path.TestAmenagementReport" name="test_09_p5_amenagement_report_endpoint" time="0.271" /><testcase classname="backend.tests.test_steve_max_hunting_path.TestColorContractValidator" name="test_10_p6_color_contract_validation" time="0.114" /><testcase classname="backend.tests.test_steve_max_hunting_path.TestGeometryComplianceValidator" name="test_11_p6_geometry_compliance_validation" time="0.249" /><testcase classname="backend.tests.test_steve_max_hunting_path.TestLayerTypesColors" name="test_12_p4_layer_colors_normative" time="0.167" /></testsuite></testsuites>