<?xml version="1.0" encoding="utf-8"?><testsuites name="pytest tests"><testsuite name="pytest" errors="0" failures="0" skipped="0" tests="19" time="0.750" timestamp="2026-03-13T02:43:00.327763+00:00" hostname="agent-env-5064447e-df31-4949-86aa-194356ad8762"><testcase classname="backend.tests.test_steve_max_color_harmonization.TestBackendHealthAndEndpoints" name="test_backend_health" time="0.158" /><testcase classname="backend.tests.test_steve_max_color_harmonization.TestBackendHealthAndEndpoints" name="test_bce_validate_corridor_continuity" time="0.116" /><testcase classname="backend.tests.test_steve_max_color_harmonization.TestBackendHealthAndEndpoints" name="test_bce_validate_visual_balance" time="0.157" /><testcase classname="backend.tests.test_steve_max_color_harmonization.TestBackendHealthAndEndpoints" name="test_bce_validate_geometry_compliance" time="0.145" /><testcase classname="backend.tests.test_steve_max_color_harmonization.TestBackendHealthAndEndpoints" name="test_bionic_engines_v2_status" time="0.107" /><testcase classname="backend.tests.test_steve_max_color_harmonization.TestFrontendColorHarmonization" name="test_bionic_colors_config_exists" time="0.000" /><testcase classname="backend.tests.test_steve_max_color_harmonization.TestFrontendColorHarmonization" name="test_bionic_colors_config_has_all_normative_colors" time="0.001" /><testcase classname="backend.tests.test_steve_max_color_harmonization.TestFrontendColorHarmonization" name="test_layer_types_colors_in_bionic_zone_service" time="0.000" /><testcase classname="backend.tests.test_steve_max_color_harmonization.TestFrontendColorHarmonization" name="test_analysis_side_panel_uses_zone_colors" time="0.000" /><testcase classname="backend.tests.test_steve_max_color_harmonization.TestFrontendColorHarmonization" name="test_bionic_layers_in_index_js" time="0.000" /><testcase classname="backend.tests.test_steve_max_color_harmonization.TestFrontendColorHarmonization" name="test_bionic_data_adapter_norm_colors" time="0.000" /><testcase classname="backend.tests.test_steve_max_color_harmonization.TestFrontendColorHarmonization" name="test_bionic_zone_diagnostic_panel_imports_factor_colors" time="0.000" /><testcase classname="backend.tests.test_steve_max_color_harmonization.TestFrontendColorHarmonization" name="test_bionic_micro_zones_imports_zone_colors" time="0.000" /><testcase classname="backend.tests.test_steve_max_color_harmonization.TestSpecificColorVerification" name="test_rut_is_pink_ff4d6d" time="0.000" /><testcase classname="backend.tests.test_steve_max_color_harmonization.TestSpecificColorVerification" name="test_trajets_is_orange_ff9800" time="0.000" /><testcase classname="backend.tests.test_steve_max_color_harmonization.TestSpecificColorVerification" name="test_pentes_is_orange_ff7043" time="0.000" /><testcase classname="backend.tests.test_steve_max_color_harmonization.TestSpecificColorVerification" name="test_salines_is_yellow_ffff00" time="0.000" /><testcase classname="backend.tests.test_steve_max_color_harmonization.TestSpecificColorVerification" name="test_affuts_is_orange_f5a623" time="0.000" /><testcase classname="backend.tests.test_steve_max_color_harmonization.TestSpecificColorVerification" name="test_peuplements_is_dark_green_15803d" time="0.000" /></testsuite></testsuites>